[ 2018-10-14T00:00:25+08:00 ] ::1 /home/action/attachFile
INFO: [ app_init ] --START--
INFO: Run Behavior\BuildLiteBehavior [ RunTime:0.000050s ]
INFO: [ app_init ] --END-- [ RunTime:0.001158s ]
INFO: [ app_begin ] --START--
INFO: Run Behavior\ReadHtmlCacheBehavior [ RunTime:0.001238s ]
INFO: [ app_begin ] --END-- [ RunTime:0.001402s ]
ERR: 1146:Table 'test.transaction' doesn't exist
 [ SQL语句 ] : SHOW COLUMNS FROM `transaction`
ERR: 1146:Table 'test.transaction' doesn't exist
 [ SQL语句 ] : SHOW COLUMNS FROM `transaction`

[ 2018-10-14T00:01:11+08:00 ] ::1 /home/action/attachFile
INFO: [ app_init ] --START--
INFO: Run Behavior\BuildLiteBehavior [ RunTime:0.000060s ]
INFO: [ app_init ] --END-- [ RunTime:0.004054s ]
INFO: [ app_begin ] --START--
INFO: Run Behavior\ReadHtmlCacheBehavior [ RunTime:0.003015s ]
INFO: [ app_begin ] --END-- [ RunTime:0.003282s ]
SQL: SHOW COLUMNS FROM `transcation` [ RunTime:0.0039s ]
SQL: SELECT * FROM `transcation` WHERE `id` = '6JEyrengDXnK908yELXd-201810132249' LIMIT 1   [ RunTime:0.0025s ]
NOTIC: [2] call_user_func() expects parameter 1 to be a valid callback, no array or string given /Applications/MAMP/htdocs/liunx/ThinkPHP/Library/Think/Upload.class.php 第 170 行.
SQL: SHOW COLUMNS FROM `receipt` [ RunTime:0.0012s ]
SQL: INSERT INTO `receipt` (`transactionid`,`url`) VALUES ('6JEyrengDXnK908yELXd-201810132249','http://localhost:8888/Uploads/receipts/5bc216c767d83.jpeg') [ RunTime:0.0308s ]
SQL: SELECT * FROM `receipt` WHERE `idAttachment` = 5 LIMIT 1   [ RunTime:0.0005s ]

[ 2018-10-14T00:01:53+08:00 ] ::1 /home/action/attachFile
INFO: [ app_init ] --START--
INFO: Run Behavior\BuildLiteBehavior [ RunTime:0.000037s ]
INFO: [ app_init ] --END-- [ RunTime:0.001049s ]
INFO: [ app_begin ] --START--
INFO: Run Behavior\ReadHtmlCacheBehavior [ RunTime:0.001082s ]
INFO: [ app_begin ] --END-- [ RunTime:0.001243s ]
SQL: SHOW COLUMNS FROM `transcation` [ RunTime:0.0014s ]
SQL: SELECT * FROM `transcation` WHERE `id` = '6JEyrengDXnK908yELXd-201810132249' LIMIT 1   [ RunTime:0.0005s ]

[ 2018-10-14T00:03:18+08:00 ] ::1 /home/action/attachFile
INFO: [ app_init ] --START--
INFO: Run Behavior\BuildLiteBehavior [ RunTime:0.000060s ]
INFO: [ app_init ] --END-- [ RunTime:0.001824s ]
INFO: [ app_begin ] --START--
INFO: Run Behavior\ReadHtmlCacheBehavior [ RunTime:0.001643s ]
INFO: [ app_begin ] --END-- [ RunTime:0.001914s ]
SQL: SHOW COLUMNS FROM `transcation` [ RunTime:0.0030s ]
SQL: SELECT * FROM `transcation` WHERE `id` = '6JEyrengDXnK908yELXd-201810132249' LIMIT 1   [ RunTime:0.0005s ]
NOTIC: [2] call_user_func() expects parameter 1 to be a valid callback, no array or string given /Applications/MAMP/htdocs/liunx/ThinkPHP/Library/Think/Upload.class.php 第 170 行.
SQL: SHOW COLUMNS FROM `receipt` [ RunTime:0.0013s ]
SQL: INSERT INTO `receipt` (`transactionid`,`url`) VALUES ('6JEyrengDXnK908yELXd-201810132249','http://localhost:8888/Uploads/receipts/5bc21746e32f9.jpeg') [ RunTime:0.0023s ]
SQL: SELECT * FROM `receipt` WHERE `idAttachment` = 6 LIMIT 1   [ RunTime:0.0005s ]

[ 2018-10-14T00:03:41+08:00 ] ::1 /home/action/attachFile
INFO: [ app_init ] --START--
INFO: Run Behavior\BuildLiteBehavior [ RunTime:0.000051s ]
INFO: [ app_init ] --END-- [ RunTime:0.003407s ]
INFO: [ app_begin ] --START--
INFO: Run Behavior\ReadHtmlCacheBehavior [ RunTime:0.000977s ]
INFO: [ app_begin ] --END-- [ RunTime:0.001134s ]
SQL: SHOW COLUMNS FROM `transcation` [ RunTime:0.0009s ]
SQL: SELECT * FROM `transcation` WHERE `id` = '6JEyrengDXnK908yELXd-201810132249' LIMIT 1   [ RunTime:0.0004s ]

[ 2018-10-14T00:05:34+08:00 ] ::1 /home/action/attachFile
INFO: [ app_init ] --START--
INFO: Run Behavior\BuildLiteBehavior [ RunTime:0.000033s ]
INFO: [ app_init ] --END-- [ RunTime:0.001103s ]
INFO: [ app_begin ] --START--
INFO: Run Behavior\ReadHtmlCacheBehavior [ RunTime:0.001029s ]
INFO: [ app_begin ] --END-- [ RunTime:0.001194s ]
SQL: SHOW COLUMNS FROM `transcation` [ RunTime:0.0043s ]
SQL: SELECT * FROM `transcation` WHERE `id` = '6JEyrengDXnK908yELXd-201810132249' LIMIT 1   [ RunTime:0.0018s ]

[ 2018-10-14T00:05:49+08:00 ] ::1 /home/action/attachFile
INFO: [ app_init ] --START--
INFO: Run Behavior\BuildLiteBehavior [ RunTime:0.000054s ]
INFO: [ app_init ] --END-- [ RunTime:0.001489s ]
INFO: [ app_begin ] --START--
INFO: Run Behavior\ReadHtmlCacheBehavior [ RunTime:0.006599s ]
INFO: [ app_begin ] --END-- [ RunTime:0.006804s ]
SQL: SHOW COLUMNS FROM `transcation` [ RunTime:0.0012s ]
SQL: SELECT * FROM `transcation` WHERE `id` = '6JEyrengDXnK908yELXd-201810132249' LIMIT 1   [ RunTime:0.0005s ]
NOTIC: [2] call_user_func() expects parameter 1 to be a valid callback, no array or string given /Applications/MAMP/htdocs/liunx/ThinkPHP/Library/Think/Upload.class.php 第 170 行.
SQL: SHOW COLUMNS FROM `receipt` [ RunTime:0.0011s ]
SQL: INSERT INTO `receipt` (`transactionid`,`url`) VALUES ('6JEyrengDXnK908yELXd-201810132249','http://localhost:8888/Uploads/receipts/5bc217ddd1ab9.jpeg') [ RunTime:0.0021s ]
SQL: SELECT * FROM `receipt` WHERE `idAttachment` = 7 LIMIT 1   [ RunTime:0.0070s ]

[ 2018-10-14T00:10:56+08:00 ] ::1 /home/action/attachFile
INFO: [ app_init ] --START--
INFO: Run Behavior\BuildLiteBehavior [ RunTime:0.000033s ]
INFO: [ app_init ] --END-- [ RunTime:0.001004s ]
INFO: [ app_begin ] --START--
INFO: Run Behavior\ReadHtmlCacheBehavior [ RunTime:0.000972s ]
INFO: [ app_begin ] --END-- [ RunTime:0.001124s ]
SQL: SHOW COLUMNS FROM `transcation` [ RunTime:0.0032s ]
SQL: SELECT * FROM `transcation` WHERE `id` = '6JEyrengDXnK908yELXd-2018101322491' LIMIT 1   [ RunTime:0.0011s ]

[ 2018-10-14T00:11:00+08:00 ] ::1 /home/action/attachFile
INFO: [ app_init ] --START--
INFO: Run Behavior\BuildLiteBehavior [ RunTime:0.000049s ]
INFO: [ app_init ] --END-- [ RunTime:0.000851s ]
INFO: [ app_begin ] --START--
INFO: Run Behavior\ReadHtmlCacheBehavior [ RunTime:0.001016s ]
INFO: [ app_begin ] --END-- [ RunTime:0.001263s ]
SQL: SHOW COLUMNS FROM `transcation` [ RunTime:0.0023s ]
SQL: SELECT * FROM `transcation` WHERE `id` = '6JEyrengDXnK908yELXd-201810132249' LIMIT 1   [ RunTime:0.0007s ]

[ 2018-10-14T00:12:03+08:00 ] ::1 /home/action/attachFile
INFO: [ app_init ] --START--
INFO: Run Behavior\BuildLiteBehavior [ RunTime:0.000032s ]
INFO: [ app_init ] --END-- [ RunTime:0.000992s ]
INFO: [ app_begin ] --START--
INFO: Run Behavior\ReadHtmlCacheBehavior [ RunTime:0.007560s ]
INFO: [ app_begin ] --END-- [ RunTime:0.007828s ]
SQL: SHOW COLUMNS FROM `transcation` [ RunTime:0.0025s ]
SQL: SELECT * FROM `transcation` WHERE `id` = '6JEyrengDXnK908yELXd-201810132249' LIMIT 1   [ RunTime:0.0005s ]
NOTIC: [2] call_user_func() expects parameter 1 to be a valid callback, no array or string given /Applications/MAMP/htdocs/liunx/ThinkPHP/Library/Think/Upload.class.php 第 170 行.
SQL: SHOW COLUMNS FROM `receipt` [ RunTime:0.0011s ]
SQL: INSERT INTO `receipt` (`transactionid`,`url`) VALUES ('6JEyrengDXnK908yELXd-201810132249','http://localhost:8888/Uploads/receipts/5bc2195377a83.jpeg') [ RunTime:0.0049s ]
SQL: SELECT * FROM `receipt` WHERE `idAttachment` = 8 LIMIT 1   [ RunTime:0.0004s ]

[ 2018-10-14T00:22:20+08:00 ] ::1 /home/action/attachFile
INFO: [ app_init ] --START--
INFO: Run Behavior\BuildLiteBehavior [ RunTime:0.000033s ]
INFO: [ app_init ] --END-- [ RunTime:0.000947s ]
INFO: [ app_begin ] --START--
INFO: Run Behavior\ReadHtmlCacheBehavior [ RunTime:0.001029s ]
INFO: [ app_begin ] --END-- [ RunTime:0.001295s ]
SQL: SHOW COLUMNS FROM `transcation` [ RunTime:0.0313s ]
SQL: SELECT * FROM `transcation` WHERE `id` = '6JEyrengDXnK908yELXd-201810132249' LIMIT 1   [ RunTime:0.0028s ]
NOTIC: [2] call_user_func() expects parameter 1 to be a valid callback, no array or string given /Applications/MAMP/htdocs/liunx/ThinkPHP/Library/Think/Upload.class.php 第 170 行.
SQL: SHOW COLUMNS FROM `receipt` [ RunTime:0.0009s ]
SQL: INSERT INTO `receipt` (`transactionid`,`url`) VALUES ('6JEyrengDXnK908yELXd-201810132249','http://localhost:8888/Uploads/receipts/5bc21bbc05ec8.jpeg') [ RunTime:0.0038s ]
SQL: SELECT * FROM `receipt` WHERE `idAttachment` = 9 LIMIT 1   [ RunTime:0.0006s ]

[ 2018-10-14T00:23:09+08:00 ] ::1 /home/Attachment/attachFile
INFO: [ app_init ] --START--
INFO: Run Behavior\BuildLiteBehavior [ RunTime:0.000032s ]
INFO: [ app_init ] --END-- [ RunTime:0.001065s ]
INFO: [ app_begin ] --START--
INFO: Run Behavior\ReadHtmlCacheBehavior [ RunTime:0.001427s ]
INFO: [ app_begin ] --END-- [ RunTime:0.001672s ]
SQL: SHOW COLUMNS FROM `transcation` [ RunTime:0.0010s ]
SQL: SELECT * FROM `transcation` WHERE `id` = '6JEyrengDXnK908yELXd-201810132249' LIMIT 1   [ RunTime:0.0005s ]
NOTIC: [2] call_user_func() expects parameter 1 to be a valid callback, no array or string given /Applications/MAMP/htdocs/liunx/ThinkPHP/Library/Think/Upload.class.php 第 170 行.
SQL: SHOW COLUMNS FROM `receipt` [ RunTime:0.0010s ]
SQL: INSERT INTO `receipt` (`transactionid`,`url`) VALUES ('6JEyrengDXnK908yELXd-201810132249','http://localhost:8888/Uploads/receipts/5bc21bed43837.jpeg') [ RunTime:0.0046s ]
SQL: SELECT * FROM `receipt` WHERE `idAttachment` = 10 LIMIT 1   [ RunTime:0.0005s ]

[ 2018-10-14T00:32:08+08:00 ] ::1 /home/Attachment/attachFile
INFO: [ app_init ] --START--
INFO: Run Behavior\BuildLiteBehavior [ RunTime:0.000053s ]
INFO: [ app_init ] --END-- [ RunTime:0.004188s ]
INFO: [ app_begin ] --START--
INFO: Run Behavior\ReadHtmlCacheBehavior [ RunTime:0.001383s ]
INFO: [ app_begin ] --END-- [ RunTime:0.001625s ]

[ 2018-10-14T00:32:13+08:00 ] ::1 /home/Attachment/attachFile
INFO: [ app_init ] --START--
INFO: Run Behavior\BuildLiteBehavior [ RunTime:0.000031s ]
INFO: [ app_init ] --END-- [ RunTime:0.000510s ]
INFO: [ app_begin ] --START--
INFO: Run Behavior\ReadHtmlCacheBehavior [ RunTime:0.000580s ]
INFO: [ app_begin ] --END-- [ RunTime:0.000708s ]
SQL: SHOW COLUMNS FROM `transcation` [ RunTime:0.0172s ]
SQL: SELECT * FROM `transcation` WHERE `id` = '6JEyrengDXnK908yELXd-201810132249' LIMIT 1   [ RunTime:0.0007s ]
NOTIC: [2] call_user_func() expects parameter 1 to be a valid callback, no array or string given /Applications/MAMP/htdocs/liunx/ThinkPHP/Library/Think/Upload.class.php 第 170 行.
SQL: SHOW COLUMNS FROM `receipt` [ RunTime:0.0011s ]
SQL: INSERT INTO `receipt` (`transactionid`,`url`) VALUES ('6JEyrengDXnK908yELXd-201810132249','http://localhost:8888/Uploads/receipts/5bc21e0d05b58.jpeg') [ RunTime:0.0032s ]
SQL: SELECT * FROM `receipt` WHERE `idAttachment` = 11 LIMIT 1   [ RunTime:0.0005s ]

[ 2018-10-14T00:37:29+08:00 ] ::1 /home/Attachment/listAttachement
INFO: [ app_init ] --START--
INFO: Run Behavior\BuildLiteBehavior [ RunTime:0.000036s ]
INFO: [ app_init ] --END-- [ RunTime:0.006919s ]
INFO: [ app_begin ] --START--
INFO: Run Behavior\ReadHtmlCacheBehavior [ RunTime:0.002067s ]
INFO: [ app_begin ] --END-- [ RunTime:0.002331s ]

[ 2018-10-14T00:37:37+08:00 ] ::1 /home/Attachment/listAttachement
INFO: [ app_init ] --START--
INFO: Run Behavior\BuildLiteBehavior [ RunTime:0.000032s ]
INFO: [ app_init ] --END-- [ RunTime:0.000674s ]
INFO: [ app_begin ] --START--
INFO: Run Behavior\ReadHtmlCacheBehavior [ RunTime:0.000775s ]
INFO: [ app_begin ] --END-- [ RunTime:0.000912s ]

[ 2018-10-14T00:38:23+08:00 ] ::1 /home/Attachment/listAttachement?transactionid=6JEyrengDXnK908yELXd-201810132249
INFO: [ app_init ] --START--
INFO: Run Behavior\BuildLiteBehavior [ RunTime:0.000035s ]
INFO: [ app_init ] --END-- [ RunTime:0.000940s ]
INFO: [ app_begin ] --START--
INFO: Run Behavior\ReadHtmlCacheBehavior [ RunTime:0.001018s ]
INFO: [ app_begin ] --END-- [ RunTime:0.001171s ]

[ 2018-10-14T00:38:42+08:00 ] ::1 /home/Attachment/listAttachement?transactionid=6JEyrengDXnK908yELXd-201810132249
INFO: [ app_init ] --START--
INFO: Run Behavior\BuildLiteBehavior [ RunTime:0.000052s ]
INFO: [ app_init ] --END-- [ RunTime:0.001524s ]
INFO: [ app_begin ] --START--
INFO: Run Behavior\ReadHtmlCacheBehavior [ RunTime:0.001674s ]
INFO: [ app_begin ] --END-- [ RunTime:0.001958s ]

[ 2018-10-14T00:38:53+08:00 ] ::1 /home/Attachment/listAttachement?transactionid=6JEyrengDXnK908yELXd-201810132249
INFO: [ app_init ] --START--
INFO: Run Behavior\BuildLiteBehavior [ RunTime:0.000033s ]
INFO: [ app_init ] --END-- [ RunTime:0.000948s ]
INFO: [ app_begin ] --START--
INFO: Run Behavior\ReadHtmlCacheBehavior [ RunTime:0.000994s ]
INFO: [ app_begin ] --END-- [ RunTime:0.001144s ]
SQL: SHOW COLUMNS FROM `transcation` [ RunTime:0.0028s ]
SQL: SELECT * FROM `transcation` WHERE `id` = '6JEyrengDXnK908yELXd-201810132249' LIMIT 1   [ RunTime:0.0009s ]
SQL: SHOW COLUMNS FROM `receipt` [ RunTime:0.0007s ]
SQL: SELECT * FROM `receipt` WHERE `transactionid` = '6JEyrengDXnK908yELXd-201810132249'  [ RunTime:0.0062s ]

[ 2018-10-14T00:44:09+08:00 ] ::1 /home/Attachment/updateAttachment
INFO: [ app_init ] --START--
INFO: Run Behavior\BuildLiteBehavior [ RunTime:0.000033s ]
INFO: [ app_init ] --END-- [ RunTime:0.001001s ]
INFO: [ app_begin ] --START--
INFO: Run Behavior\ReadHtmlCacheBehavior [ RunTime:0.001228s ]
INFO: [ app_begin ] --END-- [ RunTime:0.001448s ]
INFO: [ app_end ] --START--
INFO: Run Behavior\ShowPageTraceBehavior [ RunTime:0.001640s ]
INFO: [ app_end ] --END-- [ RunTime:0.001944s ]

[ 2018-10-14T00:44:50+08:00 ] ::1 /home/Attachment/updateAttachment
INFO: [ app_init ] --START--
INFO: Run Behavior\BuildLiteBehavior [ RunTime:0.000049s ]
INFO: [ app_init ] --END-- [ RunTime:0.001428s ]
INFO: [ app_begin ] --START--
INFO: Run Behavior\ReadHtmlCacheBehavior [ RunTime:0.001037s ]
INFO: [ app_begin ] --END-- [ RunTime:0.001194s ]

[ 2018-10-14T00:44:57+08:00 ] ::1 /home/Attachment/updateAttachment
INFO: [ app_init ] --START--
INFO: Run Behavior\BuildLiteBehavior [ RunTime:0.000052s ]
INFO: [ app_init ] --END-- [ RunTime:0.000976s ]
INFO: [ app_begin ] --START--
INFO: Run Behavior\ReadHtmlCacheBehavior [ RunTime:0.000735s ]
INFO: [ app_begin ] --END-- [ RunTime:0.000886s ]
INFO: [ app_end ] --START--
INFO: Run Behavior\ShowPageTraceBehavior [ RunTime:0.002064s ]
INFO: [ app_end ] --END-- [ RunTime:0.002228s ]

[ 2018-10-14T00:45:15+08:00 ] ::1 /home/Attachment/updateAttachment
INFO: [ app_init ] --START--
INFO: Run Behavior\BuildLiteBehavior [ RunTime:0.000033s ]
INFO: [ app_init ] --END-- [ RunTime:0.000696s ]
INFO: [ app_begin ] --START--
INFO: Run Behavior\ReadHtmlCacheBehavior [ RunTime:0.000720s ]
INFO: [ app_begin ] --END-- [ RunTime:0.000866s ]
INFO: [ app_end ] --START--
INFO: Run Behavior\ShowPageTraceBehavior [ RunTime:0.000799s ]
INFO: [ app_end ] --END-- [ RunTime:0.000959s ]

[ 2018-10-14T00:45:30+08:00 ] ::1 /home/Attachment/updateAttachment
INFO: [ app_init ] --START--
INFO: Run Behavior\BuildLiteBehavior [ RunTime:0.000032s ]
INFO: [ app_init ] --END-- [ RunTime:0.000650s ]
INFO: [ app_begin ] --START--
INFO: Run Behavior\ReadHtmlCacheBehavior [ RunTime:0.000819s ]
INFO: [ app_begin ] --END-- [ RunTime:0.001093s ]
INFO: [ app_end ] --START--
INFO: Run Behavior\ShowPageTraceBehavior [ RunTime:0.000834s ]
INFO: [ app_end ] --END-- [ RunTime:0.000986s ]

[ 2018-10-14T00:45:38+08:00 ] ::1 /home/Attachment/updateAttachment
INFO: [ app_init ] --START--
INFO: Run Behavior\BuildLiteBehavior [ RunTime:0.000031s ]
INFO: [ app_init ] --END-- [ RunTime:0.000648s ]
INFO: [ app_begin ] --START--
INFO: Run Behavior\ReadHtmlCacheBehavior [ RunTime:0.000669s ]
INFO: [ app_begin ] --END-- [ RunTime:0.000814s ]
INFO: [ app_end ] --START--
INFO: Run Behavior\ShowPageTraceBehavior [ RunTime:0.002046s ]
INFO: [ app_end ] --END-- [ RunTime:0.002201s ]

[ 2018-10-14T00:45:54+08:00 ] ::1 /home/Attachment/updateAttachment
INFO: [ app_init ] --START--
INFO: Run Behavior\BuildLiteBehavior [ RunTime:0.000032s ]
INFO: [ app_init ] --END-- [ RunTime:0.000575s ]
INFO: [ app_begin ] --START--
INFO: Run Behavior\ReadHtmlCacheBehavior [ RunTime:0.000713s ]
INFO: [ app_begin ] --END-- [ RunTime:0.000910s ]
INFO: [ app_end ] --START--
INFO: Run Behavior\ShowPageTraceBehavior [ RunTime:0.000825s ]
INFO: [ app_end ] --END-- [ RunTime:0.001008s ]

[ 2018-10-14T00:59:09+08:00 ] ::1 /home/Attachment/updateAttachment
INFO: [ app_init ] --START--
INFO: Run Behavior\BuildLiteBehavior [ RunTime:0.000055s ]
INFO: [ app_init ] --END-- [ RunTime:0.001683s ]
INFO: [ app_begin ] --START--
INFO: Run Behavior\ReadHtmlCacheBehavior [ RunTime:0.001607s ]
INFO: [ app_begin ] --END-- [ RunTime:0.001875s ]
INFO: [ app_end ] --START--
INFO: Run Behavior\ShowPageTraceBehavior [ RunTime:0.004008s ]
INFO: [ app_end ] --END-- [ RunTime:0.004288s ]

[ 2018-10-14T00:59:43+08:00 ] ::1 /home/Attachment/updateAttachment
INFO: [ app_init ] --START--
INFO: Run Behavior\BuildLiteBehavior [ RunTime:0.000035s ]
INFO: [ app_init ] --END-- [ RunTime:0.000966s ]
INFO: [ app_begin ] --START--
INFO: Run Behavior\ReadHtmlCacheBehavior [ RunTime:0.000961s ]
INFO: [ app_begin ] --END-- [ RunTime:0.001170s ]
INFO: [ app_end ] --START--
INFO: Run Behavior\ShowPageTraceBehavior [ RunTime:0.001155s ]
INFO: [ app_end ] --END-- [ RunTime:0.001327s ]

[ 2018-10-14T01:04:31+08:00 ] ::1 /home/Attachment/updateAttachment
INFO: [ app_init ] --START--
INFO: Run Behavior\BuildLiteBehavior [ RunTime:0.000037s ]
INFO: [ app_init ] --END-- [ RunTime:0.001056s ]
INFO: [ app_begin ] --START--
INFO: Run Behavior\ReadHtmlCacheBehavior [ RunTime:0.001133s ]
INFO: [ app_begin ] --END-- [ RunTime:0.001368s ]
INFO: [ app_end ] --START--
INFO: Run Behavior\ShowPageTraceBehavior [ RunTime:0.001452s ]
INFO: [ app_end ] --END-- [ RunTime:0.001613s ]

[ 2018-10-14T01:05:24+08:00 ] ::1 /home/Attachment/updateAttachment
INFO: [ app_init ] --START--
INFO: Run Behavior\BuildLiteBehavior [ RunTime:0.000094s ]
INFO: [ app_init ] --END-- [ RunTime:0.007038s ]
INFO: [ app_begin ] --START--
INFO: Run Behavior\ReadHtmlCacheBehavior [ RunTime:0.002160s ]
INFO: [ app_begin ] --END-- [ RunTime:0.002494s ]
INFO: [ app_end ] --START--
INFO: Run Behavior\ShowPageTraceBehavior [ RunTime:0.002496s ]
INFO: [ app_end ] --END-- [ RunTime:0.002768s ]

[ 2018-10-14T01:05:40+08:00 ] ::1 /home/Attachment/updateAttachment
INFO: [ app_init ] --START--
INFO: Run Behavior\BuildLiteBehavior [ RunTime:0.000035s ]
INFO: [ app_init ] --END-- [ RunTime:0.001015s ]
INFO: [ app_begin ] --START--
INFO: Run Behavior\ReadHtmlCacheBehavior [ RunTime:0.000952s ]
INFO: [ app_begin ] --END-- [ RunTime:0.001099s ]
INFO: [ app_end ] --START--
INFO: Run Behavior\ShowPageTraceBehavior [ RunTime:0.001292s ]
INFO: [ app_end ] --END-- [ RunTime:0.001458s ]

[ 2018-10-14T01:05:54+08:00 ] ::1 /home/Attachment/updateAttachment
INFO: [ app_init ] --START--
INFO: Run Behavior\BuildLiteBehavior [ RunTime:0.000057s ]
INFO: [ app_init ] --END-- [ RunTime:0.001100s ]
INFO: [ app_begin ] --START--
INFO: Run Behavior\ReadHtmlCacheBehavior [ RunTime:0.001134s ]
INFO: [ app_begin ] --END-- [ RunTime:0.001396s ]
INFO: [ app_end ] --START--
INFO: Run Behavior\ShowPageTraceBehavior [ RunTime:0.001127s ]
INFO: [ app_end ] --END-- [ RunTime:0.001371s ]

[ 2018-10-14T01:06:02+08:00 ] ::1 /home/Attachment/updateAttachment
INFO: [ app_init ] --START--
INFO: Run Behavior\BuildLiteBehavior [ RunTime:0.000051s ]
INFO: [ app_init ] --END-- [ RunTime:0.001030s ]
INFO: [ app_begin ] --START--
INFO: Run Behavior\ReadHtmlCacheBehavior [ RunTime:0.001097s ]
INFO: [ app_begin ] --END-- [ RunTime:0.001416s ]
INFO: [ app_end ] --START--
INFO: Run Behavior\ShowPageTraceBehavior [ RunTime:0.001175s ]
INFO: [ app_end ] --END-- [ RunTime:0.001427s ]

[ 2018-10-14T01:06:03+08:00 ] ::1 /home/Attachment/updateAttachment
INFO: [ app_init ] --START--
INFO: Run Behavior\BuildLiteBehavior [ RunTime:0.000227s ]
INFO: [ app_init ] --END-- [ RunTime:0.001033s ]
INFO: [ app_begin ] --START--
INFO: Run Behavior\ReadHtmlCacheBehavior [ RunTime:0.000985s ]
INFO: [ app_begin ] --END-- [ RunTime:0.001215s ]
INFO: [ app_end ] --START--
INFO: Run Behavior\ShowPageTraceBehavior [ RunTime:0.001589s ]
INFO: [ app_end ] --END-- [ RunTime:0.001892s ]

[ 2018-10-14T01:06:04+08:00 ] ::1 /home/Attachment/updateAttachment
INFO: [ app_init ] --START--
INFO: Run Behavior\BuildLiteBehavior [ RunTime:0.000294s ]
INFO: [ app_init ] --END-- [ RunTime:0.002975s ]
INFO: [ app_begin ] --START--
INFO: Run Behavior\ReadHtmlCacheBehavior [ RunTime:0.000967s ]
INFO: [ app_begin ] --END-- [ RunTime:0.001205s ]
INFO: [ app_end ] --START--
INFO: Run Behavior\ShowPageTraceBehavior [ RunTime:0.000924s ]
INFO: [ app_end ] --END-- [ RunTime:0.001119s ]

[ 2018-10-14T01:06:04+08:00 ] ::1 /home/Attachment/updateAttachment
INFO: [ app_init ] --START--
INFO: Run Behavior\BuildLiteBehavior [ RunTime:0.000051s ]
INFO: [ app_init ] --END-- [ RunTime:0.000827s ]
INFO: [ app_begin ] --START--
INFO: Run Behavior\ReadHtmlCacheBehavior [ RunTime:0.001017s ]
INFO: [ app_begin ] --END-- [ RunTime:0.001332s ]
INFO: [ app_end ] --START--
INFO: Run Behavior\ShowPageTraceBehavior [ RunTime:0.001074s ]
INFO: [ app_end ] --END-- [ RunTime:0.001321s ]

[ 2018-10-14T01:06:05+08:00 ] ::1 /home/Attachment/updateAttachment
INFO: [ app_init ] --START--
INFO: Run Behavior\BuildLiteBehavior [ RunTime:0.000050s ]
INFO: [ app_init ] --END-- [ RunTime:0.000866s ]
INFO: [ app_begin ] --START--
INFO: Run Behavior\ReadHtmlCacheBehavior [ RunTime:0.000616s ]
INFO: [ app_begin ] --END-- [ RunTime:0.000757s ]
INFO: [ app_end ] --START--
INFO: Run Behavior\ShowPageTraceBehavior [ RunTime:0.000643s ]
INFO: [ app_end ] --END-- [ RunTime:0.000830s ]

[ 2018-10-14T01:06:05+08:00 ] ::1 /home/Attachment/updateAttachment
INFO: [ app_init ] --START--
INFO: Run Behavior\BuildLiteBehavior [ RunTime:0.000047s ]
INFO: [ app_init ] --END-- [ RunTime:0.000793s ]
INFO: [ app_begin ] --START--
INFO: Run Behavior\ReadHtmlCacheBehavior [ RunTime:0.000614s ]
INFO: [ app_begin ] --END-- [ RunTime:0.000753s ]
INFO: [ app_end ] --START--
INFO: Run Behavior\ShowPageTraceBehavior [ RunTime:0.000621s ]
INFO: [ app_end ] --END-- [ RunTime:0.000761s ]

[ 2018-10-14T01:06:06+08:00 ] ::1 /home/Attachment/updateAttachment
INFO: [ app_init ] --START--
INFO: Run Behavior\BuildLiteBehavior [ RunTime:0.000032s ]
INFO: [ app_init ] --END-- [ RunTime:0.000516s ]
INFO: [ app_begin ] --START--
INFO: Run Behavior\ReadHtmlCacheBehavior [ RunTime:0.000641s ]
INFO: [ app_begin ] --END-- [ RunTime:0.000783s ]
INFO: [ app_end ] --START--
INFO: Run Behavior\ShowPageTraceBehavior [ RunTime:0.000633s ]
INFO: [ app_end ] --END-- [ RunTime:0.000772s ]

[ 2018-10-14T01:12:36+08:00 ] ::1 /home/Attachment/updateAttachment
INFO: [ app_init ] --START--
INFO: Run Behavior\BuildLiteBehavior [ RunTime:0.000039s ]
INFO: [ app_init ] --END-- [ RunTime:0.001238s ]
INFO: [ app_begin ] --START--
INFO: Run Behavior\ReadHtmlCacheBehavior [ RunTime:0.003839s ]
INFO: [ app_begin ] --END-- [ RunTime:0.004156s ]
INFO: [ app_end ] --START--
INFO: Run Behavior\ShowPageTraceBehavior [ RunTime:0.001926s ]
INFO: [ app_end ] --END-- [ RunTime:0.002133s ]

[ 2018-10-14T01:12:58+08:00 ] ::1 /home/Attachment/updateAttachment
INFO: [ app_init ] --START--
INFO: Run Behavior\BuildLiteBehavior [ RunTime:0.000058s ]
INFO: [ app_init ] --END-- [ RunTime:0.007393s ]
INFO: [ app_begin ] --START--
INFO: Run Behavior\ReadHtmlCacheBehavior [ RunTime:0.006362s ]
INFO: [ app_begin ] --END-- [ RunTime:0.006615s ]
INFO: [ app_end ] --START--
INFO: Run Behavior\ShowPageTraceBehavior [ RunTime:0.001789s ]
INFO: [ app_end ] --END-- [ RunTime:0.002109s ]

[ 2018-10-14T01:14:45+08:00 ] ::1 /home/Attachment/updateAttachment
INFO: [ app_init ] --START--
INFO: Run Behavior\BuildLiteBehavior [ RunTime:0.000054s ]
INFO: [ app_init ] --END-- [ RunTime:0.002831s ]
INFO: [ app_begin ] --START--
INFO: Run Behavior\ReadHtmlCacheBehavior [ RunTime:0.001786s ]
INFO: [ app_begin ] --END-- [ RunTime:0.001990s ]
NOTIC: [8] Undefined index: attachmentid /Applications/MAMP/htdocs/liunx/Application/Home/Controller/AttachmentController.class.php 第 74 行.
INFO: [ app_end ] --START--
INFO: Run Behavior\ShowPageTraceBehavior [ RunTime:0.001191s ]
INFO: [ app_end ] --END-- [ RunTime:0.001344s ]

[ 2018-10-14T01:28:20+08:00 ] ::1 /home/Attachment/updateAttachment
INFO: [ app_init ] --START--
INFO: Run Behavior\BuildLiteBehavior [ RunTime:0.000034s ]
INFO: [ app_init ] --END-- [ RunTime:0.000998s ]
INFO: [ app_begin ] --START--
INFO: Run Behavior\ReadHtmlCacheBehavior [ RunTime:0.001288s ]
INFO: [ app_begin ] --END-- [ RunTime:0.001443s ]
INFO: [ app_end ] --START--
INFO: Run Behavior\ShowPageTraceBehavior [ RunTime:0.001461s ]
INFO: [ app_end ] --END-- [ RunTime:0.001622s ]

[ 2018-10-14T01:29:30+08:00 ] ::1 /home/Attachment/updateAttachment
INFO: [ app_init ] --START--
INFO: Run Behavior\BuildLiteBehavior [ RunTime:0.000033s ]
INFO: [ app_init ] --END-- [ RunTime:0.001056s ]
INFO: [ app_begin ] --START--
INFO: Run Behavior\ReadHtmlCacheBehavior [ RunTime:0.000977s ]
INFO: [ app_begin ] --END-- [ RunTime:0.001124s ]
INFO: [ app_end ] --START--
INFO: Run Behavior\ShowPageTraceBehavior [ RunTime:0.001429s ]
INFO: [ app_end ] --END-- [ RunTime:0.001648s ]

[ 2018-10-14T01:30:04+08:00 ] ::1 /home/Attachment/updateAttachment
INFO: [ app_init ] --START--
INFO: Run Behavior\BuildLiteBehavior [ RunTime:0.000033s ]
INFO: [ app_init ] --END-- [ RunTime:0.000977s ]
INFO: [ app_begin ] --START--
INFO: Run Behavior\ReadHtmlCacheBehavior [ RunTime:0.001608s ]
INFO: [ app_begin ] --END-- [ RunTime:0.001803s ]
INFO: [ app_end ] --START--
INFO: Run Behavior\ShowPageTraceBehavior [ RunTime:0.002964s ]
INFO: [ app_end ] --END-- [ RunTime:0.003289s ]

[ 2018-10-14T01:30:23+08:00 ] ::1 /home/Attachment/updateAttachment
INFO: [ app_init ] --START--
INFO: Run Behavior\BuildLiteBehavior [ RunTime:0.000036s ]
INFO: [ app_init ] --END-- [ RunTime:0.001034s ]
INFO: [ app_begin ] --START--
INFO: Run Behavior\ReadHtmlCacheBehavior [ RunTime:0.001009s ]
INFO: [ app_begin ] --END-- [ RunTime:0.001156s ]
INFO: [ app_end ] --START--
INFO: Run Behavior\ShowPageTraceBehavior [ RunTime:0.001161s ]
INFO: [ app_end ] --END-- [ RunTime:0.001377s ]

[ 2018-10-14T01:38:29+08:00 ] ::1 /home/Attachment/updateAttachment
INFO: [ app_init ] --START--
INFO: Run Behavior\BuildLiteBehavior [ RunTime:0.000054s ]
INFO: [ app_init ] --END-- [ RunTime:0.001480s ]
INFO: [ app_begin ] --START--
INFO: Run Behavior\ReadHtmlCacheBehavior [ RunTime:0.001458s ]
INFO: [ app_begin ] --END-- [ RunTime:0.001743s ]
INFO: [ app_end ] --START--
INFO: Run Behavior\ShowPageTraceBehavior [ RunTime:0.002944s ]
INFO: [ app_end ] --END-- [ RunTime:0.003207s ]

[ 2018-10-14T01:38:52+08:00 ] ::1 /home/Attachment/updateAttachment
INFO: [ app_init ] --START--
INFO: Run Behavior\BuildLiteBehavior [ RunTime:0.000034s ]
INFO: [ app_init ] --END-- [ RunTime:0.001025s ]
INFO: [ app_begin ] --START--
INFO: Run Behavior\ReadHtmlCacheBehavior [ RunTime:0.001469s ]
INFO: [ app_begin ] --END-- [ RunTime:0.001650s ]
NOTIC: [8] Undefined index: attachmentid /Applications/MAMP/htdocs/liunx/Application/Home/Controller/AttachmentController.class.php 第 77 行.
INFO: [ app_end ] --START--
INFO: Run Behavior\ShowPageTraceBehavior [ RunTime:0.001132s ]
INFO: [ app_end ] --END-- [ RunTime:0.001276s ]

[ 2018-10-14T01:39:02+08:00 ] ::1 /home/Attachment/updateAttachment
INFO: [ app_init ] --START--
INFO: Run Behavior\BuildLiteBehavior [ RunTime:0.000052s ]
INFO: [ app_init ] --END-- [ RunTime:0.001365s ]
INFO: [ app_begin ] --START--
INFO: Run Behavior\ReadHtmlCacheBehavior [ RunTime:0.001026s ]
INFO: [ app_begin ] --END-- [ RunTime:0.001190s ]

[ 2018-10-14T01:39:08+08:00 ] ::1 /home/Attachment/updateAttachment
INFO: [ app_init ] --START--
INFO: Run Behavior\BuildLiteBehavior [ RunTime:0.000032s ]
INFO: [ app_init ] --END-- [ RunTime:0.000686s ]
INFO: [ app_begin ] --START--
INFO: Run Behavior\ReadHtmlCacheBehavior [ RunTime:0.000715s ]
INFO: [ app_begin ] --END-- [ RunTime:0.000875s ]
NOTIC: [8] Undefined index: attachmentid /Applications/MAMP/htdocs/liunx/Application/Home/Controller/AttachmentController.class.php 第 78 行.
INFO: [ app_end ] --START--
INFO: Run Behavior\ShowPageTraceBehavior [ RunTime:0.001124s ]
INFO: [ app_end ] --END-- [ RunTime:0.001281s ]

[ 2018-10-14T01:40:44+08:00 ] ::1 /home/Attachment/updateAttachment
INFO: [ app_init ] --START--
INFO: Run Behavior\BuildLiteBehavior [ RunTime:0.000035s ]
INFO: [ app_init ] --END-- [ RunTime:0.000999s ]
INFO: [ app_begin ] --START--
INFO: Run Behavior\ReadHtmlCacheBehavior [ RunTime:0.000995s ]
INFO: [ app_begin ] --END-- [ RunTime:0.001229s ]
NOTIC: [8] Undefined index: attachmentid /Applications/MAMP/htdocs/liunx/Application/Home/Controller/AttachmentController.class.php 第 78 行.
INFO: [ app_end ] --START--
INFO: Run Behavior\ShowPageTraceBehavior [ RunTime:0.002337s ]
INFO: [ app_end ] --END-- [ RunTime:0.002496s ]

[ 2018-10-14T01:42:46+08:00 ] ::1 /home/Attachment/updateAttachment
INFO: [ app_init ] --START--
INFO: Run Behavior\BuildLiteBehavior [ RunTime:0.000035s ]
INFO: [ app_init ] --END-- [ RunTime:0.001033s ]
INFO: [ app_begin ] --START--
INFO: Run Behavior\ReadHtmlCacheBehavior [ RunTime:0.001033s ]
INFO: [ app_begin ] --END-- [ RunTime:0.001187s ]
INFO: [ app_end ] --START--
INFO: Run Behavior\ShowPageTraceBehavior [ RunTime:0.001487s ]
INFO: [ app_end ] --END-- [ RunTime:0.001664s ]

[ 2018-10-14T01:43:16+08:00 ] ::1 /home/Attachment/updateAttachment
INFO: [ app_init ] --START--
INFO: Run Behavior\BuildLiteBehavior [ RunTime:0.000035s ]
INFO: [ app_init ] --END-- [ RunTime:0.000939s ]
INFO: [ app_begin ] --START--
INFO: Run Behavior\ReadHtmlCacheBehavior [ RunTime:0.001023s ]
INFO: [ app_begin ] --END-- [ RunTime:0.001179s ]
INFO: [ app_end ] --START--
INFO: Run Behavior\ShowPageTraceBehavior [ RunTime:0.001232s ]
INFO: [ app_end ] --END-- [ RunTime:0.001485s ]

[ 2018-10-14T01:46:12+08:00 ] ::1 /home/Attachment/updateAttachment
INFO: [ app_init ] --START--
INFO: Run Behavior\BuildLiteBehavior [ RunTime:0.000035s ]
INFO: [ app_init ] --END-- [ RunTime:0.001162s ]
INFO: [ app_begin ] --START--
INFO: Run Behavior\ReadHtmlCacheBehavior [ RunTime:0.001021s ]
INFO: [ app_begin ] --END-- [ RunTime:0.001172s ]
INFO: [ app_end ] --START--
INFO: Run Behavior\ShowPageTraceBehavior [ RunTime:0.001463s ]
INFO: [ app_end ] --END-- [ RunTime:0.001638s ]

[ 2018-10-14T01:46:31+08:00 ] ::1 /home/Attachment/updateAttachment
INFO: [ app_init ] --START--
INFO: Run Behavior\BuildLiteBehavior [ RunTime:0.000034s ]
INFO: [ app_init ] --END-- [ RunTime:0.000955s ]
INFO: [ app_begin ] --START--
INFO: Run Behavior\ReadHtmlCacheBehavior [ RunTime:0.000990s ]
INFO: [ app_begin ] --END-- [ RunTime:0.001144s ]
NOTIC: [8] Undefined index: attachmentid /Applications/MAMP/htdocs/liunx/Application/Home/Controller/AttachmentController.class.php 第 84 行.
INFO: [ app_end ] --START--
INFO: Run Behavior\ShowPageTraceBehavior [ RunTime:0.001262s ]
INFO: [ app_end ] --END-- [ RunTime:0.001415s ]

[ 2018-10-14T01:46:33+08:00 ] ::1 /home/Attachment/updateAttachment
INFO: [ app_init ] --START--
INFO: Run Behavior\BuildLiteBehavior [ RunTime:0.000049s ]
INFO: [ app_init ] --END-- [ RunTime:0.000843s ]
INFO: [ app_begin ] --START--
INFO: Run Behavior\ReadHtmlCacheBehavior [ RunTime:0.000998s ]
INFO: [ app_begin ] --END-- [ RunTime:0.001247s ]
NOTIC: [8] Undefined index: attachmentid /Applications/MAMP/htdocs/liunx/Application/Home/Controller/AttachmentController.class.php 第 84 行.
INFO: [ app_end ] --START--
INFO: Run Behavior\ShowPageTraceBehavior [ RunTime:0.001563s ]
INFO: [ app_end ] --END-- [ RunTime:0.002379s ]

[ 2018-10-14T01:46:41+08:00 ] ::1 /home/Attachment/updateAttachment
INFO: [ app_init ] --START--
INFO: Run Behavior\BuildLiteBehavior [ RunTime:0.000037s ]
INFO: [ app_init ] --END-- [ RunTime:0.000860s ]
INFO: [ app_begin ] --START--
INFO: Run Behavior\ReadHtmlCacheBehavior [ RunTime:0.000805s ]
INFO: [ app_begin ] --END-- [ RunTime:0.000968s ]
NOTIC: [8] Undefined index: attachmentid /Applications/MAMP/htdocs/liunx/Application/Home/Controller/AttachmentController.class.php 第 85 行.
INFO: [ app_end ] --START--
INFO: Run Behavior\ShowPageTraceBehavior [ RunTime:0.000807s ]
INFO: [ app_end ] --END-- [ RunTime:0.001022s ]

[ 2018-10-14T01:46:48+08:00 ] ::1 /home/Attachment/updateAttachment
INFO: [ app_init ] --START--
INFO: Run Behavior\BuildLiteBehavior [ RunTime:0.000034s ]
INFO: [ app_init ] --END-- [ RunTime:0.000703s ]
INFO: [ app_begin ] --START--
INFO: Run Behavior\ReadHtmlCacheBehavior [ RunTime:0.000705s ]
INFO: [ app_begin ] --END-- [ RunTime:0.000845s ]
NOTIC: [8] Undefined index: attachmentid /Applications/MAMP/htdocs/liunx/Application/Home/Controller/AttachmentController.class.php 第 85 行.
INFO: [ app_end ] --START--
INFO: Run Behavior\ShowPageTraceBehavior [ RunTime:0.000800s ]
INFO: [ app_end ] --END-- [ RunTime:0.000939s ]

[ 2018-10-14T01:48:43+08:00 ] ::1 /home/Attachment/updateAttachment
INFO: [ app_init ] --START--
INFO: Run Behavior\BuildLiteBehavior [ RunTime:0.000052s ]
INFO: [ app_init ] --END-- [ RunTime:0.001427s ]
INFO: [ app_begin ] --START--
INFO: Run Behavior\ReadHtmlCacheBehavior [ RunTime:0.001702s ]
INFO: [ app_begin ] --END-- [ RunTime:0.001993s ]
NOTIC: [8] Undefined index: attachmentid /Applications/MAMP/htdocs/liunx/Application/Home/Controller/AttachmentController.class.php 第 85 行.
INFO: [ app_end ] --START--
INFO: Run Behavior\ShowPageTraceBehavior [ RunTime:0.001905s ]
INFO: [ app_end ] --END-- [ RunTime:0.002146s ]

[ 2018-10-14T01:53:43+08:00 ] ::1 /home/Attachment/updateAttachment
INFO: [ app_init ] --START--
INFO: Run Behavior\BuildLiteBehavior [ RunTime:0.000053s ]
INFO: [ app_init ] --END-- [ RunTime:0.002042s ]
INFO: [ app_begin ] --START--
INFO: Run Behavior\ReadHtmlCacheBehavior [ RunTime:0.007117s ]
INFO: [ app_begin ] --END-- [ RunTime:0.007375s ]

[ 2018-10-14T01:53:55+08:00 ] ::1 /home/Attachment/updateAttachment
INFO: [ app_init ] --START--
INFO: Run Behavior\BuildLiteBehavior [ RunTime:0.000034s ]
INFO: [ app_init ] --END-- [ RunTime:0.001032s ]
INFO: [ app_begin ] --START--
INFO: Run Behavior\ReadHtmlCacheBehavior [ RunTime:0.001033s ]
INFO: [ app_begin ] --END-- [ RunTime:0.001184s ]
INFO: [ app_end ] --START--
INFO: Run Behavior\ShowPageTraceBehavior [ RunTime:0.001615s ]
INFO: [ app_end ] --END-- [ RunTime:0.001778s ]

[ 2018-10-14T02:00:03+08:00 ] ::1 /home/Attachment/updateAttachment
INFO: [ app_init ] --START--
INFO: Run Behavior\BuildLiteBehavior [ RunTime:0.000056s ]
INFO: [ app_init ] --END-- [ RunTime:0.001321s ]
INFO: [ app_begin ] --START--
INFO: Run Behavior\ReadHtmlCacheBehavior [ RunTime:0.001487s ]
INFO: [ app_begin ] --END-- [ RunTime:0.003001s ]

[ 2018-10-14T02:00:15+08:00 ] ::1 /home/Attachment/updateAttachment
INFO: [ app_init ] --START--
INFO: Run Behavior\BuildLiteBehavior [ RunTime:0.000035s ]
INFO: [ app_init ] --END-- [ RunTime:0.000991s ]
INFO: [ app_begin ] --START--
INFO: Run Behavior\ReadHtmlCacheBehavior [ RunTime:0.001006s ]
INFO: [ app_begin ] --END-- [ RunTime:0.001160s ]
NOTIC: [8] Undefined index: HTTP_RAW_POST_DATA /Applications/MAMP/htdocs/liunx/Application/Home/Controller/AttachmentController.class.php 第 73 行.
INFO: [ app_end ] --START--
INFO: Run Behavior\ShowPageTraceBehavior [ RunTime:0.002182s ]
INFO: [ app_end ] --END-- [ RunTime:0.002385s ]

[ 2018-10-14T02:23:15+08:00 ] ::1 /home/Attachment/updateAttachment
INFO: [ app_init ] --START--
INFO: Run Behavior\BuildLiteBehavior [ RunTime:0.000062s ]
INFO: [ app_init ] --END-- [ RunTime:0.001655s ]
INFO: [ app_begin ] --START--
INFO: Run Behavior\ReadHtmlCacheBehavior [ RunTime:0.001515s ]
INFO: [ app_begin ] --END-- [ RunTime:0.001758s ]
INFO: [ app_end ] --START--
INFO: Run Behavior\ShowPageTraceBehavior [ RunTime:0.002039s ]
INFO: [ app_end ] --END-- [ RunTime:0.002336s ]

[ 2018-10-14T02:24:28+08:00 ] ::1 /home/Attachment/updateAttachment
INFO: [ app_init ] --START--
INFO: Run Behavior\BuildLiteBehavior [ RunTime:0.000036s ]
INFO: [ app_init ] --END-- [ RunTime:0.000979s ]
INFO: [ app_begin ] --START--
INFO: Run Behavior\ReadHtmlCacheBehavior [ RunTime:0.000989s ]
INFO: [ app_begin ] --END-- [ RunTime:0.001140s ]
INFO: [ app_end ] --START--
INFO: Run Behavior\ShowPageTraceBehavior [ RunTime:0.001750s ]
INFO: [ app_end ] --END-- [ RunTime:0.001961s ]

[ 2018-10-14T03:28:05+08:00 ] ::1 /home/Attachment/attachFile/transactionid/6JEyrengDXnK908yELXd-201810132249
INFO: [ app_init ] --START--
INFO: Run Behavior\BuildLiteBehavior [ RunTime:0.000099s ]
INFO: [ app_init ] --END-- [ RunTime:0.005599s ]
INFO: [ app_begin ] --START--
INFO: Run Behavior\ReadHtmlCacheBehavior [ RunTime:0.001969s ]
INFO: [ app_begin ] --END-- [ RunTime:0.002239s ]
SQL: SHOW COLUMNS FROM `transcation` [ RunTime:0.0514s ]
SQL: SELECT * FROM `transcation` WHERE `id` = '6JEyrengDXnK908yELXd-201810132249' LIMIT 1   [ RunTime:0.0058s ]
NOTIC: [8] Undefined index: attachfile /Applications/MAMP/htdocs/liunx/Application/Home/InterfaceController/FortranscationController.class.php 第 37 行.
NOTIC: [8] Undefined index: tmp_name /Applications/MAMP/htdocs/liunx/ThinkPHP/Library/Think/Upload.class.php 第 152 行.
NOTIC: [2] finfo_file(): Empty filename or path /Applications/MAMP/htdocs/liunx/ThinkPHP/Library/Think/Upload.class.php 第 152 行.
NOTIC: [8] Undefined index: error /Applications/MAMP/htdocs/liunx/ThinkPHP/Library/Think/Upload.class.php 第 269 行.
NOTIC: [8] Undefined index: tmp_name /Applications/MAMP/htdocs/liunx/ThinkPHP/Library/Think/Upload.class.php 第 280 行.

[ 2018-10-14T03:29:28+08:00 ] ::1 /home/Attachment/attachFile/transactionid/6JEyrengDXnK908yELXd-201810132249
INFO: [ app_init ] --START--
INFO: Run Behavior\BuildLiteBehavior [ RunTime:0.000064s ]
INFO: [ app_init ] --END-- [ RunTime:0.001637s ]
INFO: [ app_begin ] --START--
INFO: Run Behavior\ReadHtmlCacheBehavior [ RunTime:0.002370s ]
INFO: [ app_begin ] --END-- [ RunTime:0.002677s ]
SQL: SHOW COLUMNS FROM `transcation` [ RunTime:0.0067s ]
SQL: SELECT * FROM `transcation` WHERE `id` = '6JEyrengDXnK908yELXd-201810132249' LIMIT 1   [ RunTime:0.0011s ]
NOTIC: [8] Undefined index: attachfile /Applications/MAMP/htdocs/liunx/Application/Home/InterfaceController/FortranscationController.class.php 第 37 行.
NOTIC: [8] Undefined index: tmp_name /Applications/MAMP/htdocs/liunx/ThinkPHP/Library/Think/Upload.class.php 第 152 行.
NOTIC: [2] finfo_file(): Empty filename or path /Applications/MAMP/htdocs/liunx/ThinkPHP/Library/Think/Upload.class.php 第 152 行.
NOTIC: [8] Undefined index: error /Applications/MAMP/htdocs/liunx/ThinkPHP/Library/Think/Upload.class.php 第 269 行.
NOTIC: [8] Undefined index: tmp_name /Applications/MAMP/htdocs/liunx/ThinkPHP/Library/Think/Upload.class.php 第 280 行.

[ 2018-10-14T03:29:51+08:00 ] ::1 /home/Attachment/attachFile/transactionid/6JEyrengDXnK908yELXd-201810132249
INFO: [ app_init ] --START--
INFO: Run Behavior\BuildLiteBehavior [ RunTime:0.000075s ]
INFO: [ app_init ] --END-- [ RunTime:0.006620s ]
INFO: [ app_begin ] --START--
INFO: Run Behavior\ReadHtmlCacheBehavior [ RunTime:0.007283s ]
INFO: [ app_begin ] --END-- [ RunTime:0.007567s ]
SQL: SHOW COLUMNS FROM `transcation` [ RunTime:0.0041s ]
SQL: SELECT * FROM `transcation` WHERE `id` = '6JEyrengDXnK908yELXd-201810132249' LIMIT 1   [ RunTime:0.0005s ]
NOTIC: [8] Undefined index: attachfile /Applications/MAMP/htdocs/liunx/Application/Home/InterfaceController/FortranscationController.class.php 第 37 行.
NOTIC: [8] Undefined index: tmp_name /Applications/MAMP/htdocs/liunx/ThinkPHP/Library/Think/Upload.class.php 第 152 行.
NOTIC: [2] finfo_file(): Empty filename or path /Applications/MAMP/htdocs/liunx/ThinkPHP/Library/Think/Upload.class.php 第 152 行.
NOTIC: [8] Undefined index: error /Applications/MAMP/htdocs/liunx/ThinkPHP/Library/Think/Upload.class.php 第 269 行.
NOTIC: [8] Undefined index: tmp_name /Applications/MAMP/htdocs/liunx/ThinkPHP/Library/Think/Upload.class.php 第 280 行.

[ 2018-10-14T03:30:28+08:00 ] ::1 /home/Attachment/attachFile/transactionid/6JEyrengDXnK908yELXd-201810132249
INFO: [ app_init ] --START--
INFO: Run Behavior\BuildLiteBehavior [ RunTime:0.000057s ]
INFO: [ app_init ] --END-- [ RunTime:0.001024s ]
INFO: [ app_begin ] --START--
INFO: Run Behavior\ReadHtmlCacheBehavior [ RunTime:0.002290s ]
INFO: [ app_begin ] --END-- [ RunTime:0.002652s ]
SQL: SHOW COLUMNS FROM `transcation` [ RunTime:0.0070s ]
SQL: SELECT * FROM `transcation` WHERE `id` = '6JEyrengDXnK908yELXd-201810132249' LIMIT 1   [ RunTime:0.0011s ]
NOTIC: [8] Undefined index: attachfile /Applications/MAMP/htdocs/liunx/Application/Home/InterfaceController/FortranscationController.class.php 第 37 行.
NOTIC: [8] Undefined index: tmp_name /Applications/MAMP/htdocs/liunx/ThinkPHP/Library/Think/Upload.class.php 第 152 行.
NOTIC: [2] finfo_file(): Empty filename or path /Applications/MAMP/htdocs/liunx/ThinkPHP/Library/Think/Upload.class.php 第 152 行.
NOTIC: [8] Undefined index: error /Applications/MAMP/htdocs/liunx/ThinkPHP/Library/Think/Upload.class.php 第 269 行.
NOTIC: [8] Undefined index: tmp_name /Applications/MAMP/htdocs/liunx/ThinkPHP/Library/Think/Upload.class.php 第 280 行.

[ 2018-10-14T03:55:50+08:00 ] ::1 /home/Attachment/attachFile/transactionid/6JEyrengDXnK908yELXd-201810132249
INFO: [ app_init ] --START--
INFO: Run Behavior\BuildLiteBehavior [ RunTime:0.000055s ]
INFO: [ app_init ] --END-- [ RunTime:0.001039s ]
INFO: [ app_begin ] --START--
INFO: Run Behavior\ReadHtmlCacheBehavior [ RunTime:0.001116s ]
INFO: [ app_begin ] --END-- [ RunTime:0.001414s ]
SQL: SHOW COLUMNS FROM `transcation` [ RunTime:0.0054s ]
SQL: SELECT * FROM `transcation` WHERE `id` = '6JEyrengDXnK908yELXd-201810132249' LIMIT 1   [ RunTime:0.0024s ]
NOTIC: [8] Undefined index: attachfile /Applications/MAMP/htdocs/liunx/Application/Home/InterfaceController/FortranscationController.class.php 第 37 行.
NOTIC: [8] Undefined index: tmp_name /Applications/MAMP/htdocs/liunx/ThinkPHP/Library/Think/Upload.class.php 第 152 行.
NOTIC: [2] finfo_file(): Empty filename or path /Applications/MAMP/htdocs/liunx/ThinkPHP/Library/Think/Upload.class.php 第 152 行.
NOTIC: [8] Undefined index: error /Applications/MAMP/htdocs/liunx/ThinkPHP/Library/Think/Upload.class.php 第 269 行.
NOTIC: [8] Undefined index: tmp_name /Applications/MAMP/htdocs/liunx/ThinkPHP/Library/Think/Upload.class.php 第 280 行.

[ 2018-10-14T03:56:58+08:00 ] ::1 /home/Attachment/attachFile/transactionid/6JEyrengDXnK908yELXd-201810132249
INFO: [ app_init ] --START--
INFO: Run Behavior\BuildLiteBehavior [ RunTime:0.000059s ]
INFO: [ app_init ] --END-- [ RunTime:0.001053s ]
INFO: [ app_begin ] --START--
INFO: Run Behavior\ReadHtmlCacheBehavior [ RunTime:0.014727s ]
INFO: [ app_begin ] --END-- [ RunTime:0.014996s ]
SQL: SHOW COLUMNS FROM `transcation` [ RunTime:0.0046s ]
SQL: SELECT * FROM `transcation` WHERE `id` = '6JEyrengDXnK908yELXd-201810132249' LIMIT 1   [ RunTime:0.0037s ]
NOTIC: [8] Undefined index: attachfile /Applications/MAMP/htdocs/liunx/Application/Home/InterfaceController/FortranscationController.class.php 第 37 行.
NOTIC: [8] Undefined index: tmp_name /Applications/MAMP/htdocs/liunx/ThinkPHP/Library/Think/Upload.class.php 第 152 行.
NOTIC: [2] finfo_file(): Empty filename or path /Applications/MAMP/htdocs/liunx/ThinkPHP/Library/Think/Upload.class.php 第 152 行.
NOTIC: [8] Undefined index: error /Applications/MAMP/htdocs/liunx/ThinkPHP/Library/Think/Upload.class.php 第 269 行.
NOTIC: [8] Undefined index: tmp_name /Applications/MAMP/htdocs/liunx/ThinkPHP/Library/Think/Upload.class.php 第 280 行.
INFO: [ view_parse ] --START--
INFO: [ template_filter ] --START--
INFO: Run Behavior\ContentReplaceBehavior [ RunTime:0.000767s ]
INFO: [ template_filter ] --END-- [ RunTime:0.001014s ]
INFO: Run Behavior\ParseTemplateBehavior [ RunTime:0.033470s ]
INFO: [ view_parse ] --END-- [ RunTime:0.033782s ]
INFO: [ view_filter ] --START--
INFO: Run Behavior\WriteHtmlCacheBehavior [ RunTime:0.001058s ]
INFO: [ view_filter ] --END-- [ RunTime:0.001257s ]

[ 2018-10-14T03:59:48+08:00 ] ::1 /home/Attachment/attachFile/transactionid/6JEyrengDXnK908yELXd-201810132249
INFO: [ app_init ] --START--
INFO: Run Behavior\BuildLiteBehavior [ RunTime:0.000039s ]
INFO: [ app_init ] --END-- [ RunTime:0.001154s ]
INFO: [ app_begin ] --START--
INFO: Run Behavior\ReadHtmlCacheBehavior [ RunTime:0.012110s ]
INFO: [ app_begin ] --END-- [ RunTime:0.012315s ]
SQL: SHOW COLUMNS FROM `transcation` [ RunTime:0.0085s ]
SQL: SELECT * FROM `transcation` WHERE `id` = '6JEyrengDXnK908yELXd-201810132249' LIMIT 1   [ RunTime:0.0024s ]
NOTIC: [8] Undefined index: attachfile /Applications/MAMP/htdocs/liunx/Application/Home/Controller/AttachmentController.class.php 第 36 行.
NOTIC: [8] Undefined index: tmp_name /Applications/MAMP/htdocs/liunx/ThinkPHP/Library/Think/Upload.class.php 第 152 行.
NOTIC: [2] finfo_file(): Empty filename or path /Applications/MAMP/htdocs/liunx/ThinkPHP/Library/Think/Upload.class.php 第 152 行.
NOTIC: [8] Undefined index: error /Applications/MAMP/htdocs/liunx/ThinkPHP/Library/Think/Upload.class.php 第 269 行.
NOTIC: [8] Undefined index: tmp_name /Applications/MAMP/htdocs/liunx/ThinkPHP/Library/Think/Upload.class.php 第 280 行.

[ 2018-10-14T04:00:22+08:00 ] ::1 /home/Attachment/attachFile/transactionid/6JEyrengDXnK908yELXd-201810132249
INFO: [ app_init ] --START--
INFO: Run Behavior\BuildLiteBehavior [ RunTime:0.000058s ]
INFO: [ app_init ] --END-- [ RunTime:0.002004s ]
INFO: [ app_begin ] --START--
INFO: Run Behavior\ReadHtmlCacheBehavior [ RunTime:0.001532s ]
INFO: [ app_begin ] --END-- [ RunTime:0.001828s ]
SQL: SHOW COLUMNS FROM `transcation` [ RunTime:0.0069s ]
SQL: SELECT * FROM `transcation` WHERE `id` = '6JEyrengDXnK908yELXd-201810132249' LIMIT 1   [ RunTime:0.0024s ]
NOTIC: [8] Undefined index: attachfile /Applications/MAMP/htdocs/liunx/Application/Home/Controller/AttachmentController.class.php 第 35 行.
NOTIC: [8] Undefined index: tmp_name /Applications/MAMP/htdocs/liunx/ThinkPHP/Library/Think/Upload.class.php 第 152 行.
NOTIC: [2] finfo_file(): Empty filename or path /Applications/MAMP/htdocs/liunx/ThinkPHP/Library/Think/Upload.class.php 第 152 行.
NOTIC: [8] Undefined index: error /Applications/MAMP/htdocs/liunx/ThinkPHP/Library/Think/Upload.class.php 第 269 行.
NOTIC: [8] Undefined index: tmp_name /Applications/MAMP/htdocs/liunx/ThinkPHP/Library/Think/Upload.class.php 第 280 行.

[ 2018-10-14T04:00:33+08:00 ] ::1 /home/Attachment/attachFile/transactionid/6JEyrengDXnK908yELXd-201810132249
INFO: [ app_init ] --START--
INFO: Run Behavior\BuildLiteBehavior [ RunTime:0.000039s ]
INFO: [ app_init ] --END-- [ RunTime:0.000881s ]
INFO: [ app_begin ] --START--
INFO: Run Behavior\ReadHtmlCacheBehavior [ RunTime:0.000849s ]
INFO: [ app_begin ] --END-- [ RunTime:0.001017s ]
SQL: SHOW COLUMNS FROM `transcation` [ RunTime:0.0066s ]
SQL: SELECT * FROM `transcation` WHERE `id` = '6JEyrengDXnK908yELXd-201810132249' LIMIT 1   [ RunTime:0.0006s ]
NOTIC: [2] call_user_func() expects parameter 1 to be a valid callback, no array or string given /Applications/MAMP/htdocs/liunx/ThinkPHP/Library/Think/Upload.class.php 第 170 行.
SQL: SHOW COLUMNS FROM `receipt` [ RunTime:0.0070s ]
SQL: INSERT INTO `receipt` (`transactionid`,`localurl`) VALUES ('6JEyrengDXnK908yELXd-201810132249','http://localhost:8888/Uploads/receipts/i20.jpeg') [ RunTime:0.0435s ]

[ 2018-10-14T04:04:10+08:00 ] ::1 /home/Attachment/attachFile/transactionid/6JEyrengDXnK908yELXd-201810132249
INFO: [ app_init ] --START--
INFO: Run Behavior\BuildLiteBehavior [ RunTime:0.000085s ]
INFO: [ app_init ] --END-- [ RunTime:0.003247s ]
INFO: [ app_begin ] --START--
INFO: Run Behavior\ReadHtmlCacheBehavior [ RunTime:0.001296s ]
INFO: [ app_begin ] --END-- [ RunTime:0.001510s ]
SQL: SHOW COLUMNS FROM `transcation` [ RunTime:0.0302s ]
SQL: SELECT * FROM `transcation` WHERE `id` = '6JEyrengDXnK908yELXd-201810132249' LIMIT 1   [ RunTime:0.0009s ]
NOTIC: [2] call_user_func() expects parameter 1 to be a valid callback, no array or string given /Applications/MAMP/htdocs/liunx/ThinkPHP/Library/Think/Upload.class.php 第 170 行.
SQL: SHOW COLUMNS FROM `receipt` [ RunTime:0.0011s ]
SQL: INSERT INTO `receipt` (`transactionid`,`localurl`) VALUES ('6JEyrengDXnK908yELXd-201810132249','http://localhost:8888/Uploads/receipts/i20.jpeg') [ RunTime:0.0057s ]
NOTIC: [2] file_get_contents(./Applications/MAMP/htdocs/liunx/Uploads/receipts/5bc21bbc05ec8.jpeg): failed to open stream: No such file or directory /Applications/MAMP/htdocs/liunx/Application/Home/Controller/df.php 第 43 行.
SQL: SELECT * FROM `receipt` WHERE `attachmentid` = 13 LIMIT 1   [ RunTime:0.0021s ]
NOTIC: [2] Cannot modify header information - headers already sent by (output started at /Applications/MAMP/htdocs/liunx/Application/Home/Controller/df.php:57) /Applications/MAMP/htdocs/liunx/ThinkPHP/Library/Think/Controller.class.php 第 215 行.

[ 2018-10-14T04:05:55+08:00 ] ::1 /home/Attachment/attachFile/transactionid/6JEyrengDXnK908yELXd-201810132249
INFO: [ app_init ] --START--
INFO: Run Behavior\BuildLiteBehavior [ RunTime:0.000050s ]
INFO: [ app_init ] --END-- [ RunTime:0.001027s ]
INFO: [ app_begin ] --START--
INFO: Run Behavior\ReadHtmlCacheBehavior [ RunTime:0.001057s ]
INFO: [ app_begin ] --END-- [ RunTime:0.001248s ]
SQL: SHOW COLUMNS FROM `transcation` [ RunTime:0.0033s ]
SQL: SELECT * FROM `transcation` WHERE `id` = '6JEyrengDXnK908yELXd-201810132249' LIMIT 1   [ RunTime:0.0007s ]
NOTIC: [2] call_user_func() expects parameter 1 to be a valid callback, no array or string given /Applications/MAMP/htdocs/liunx/ThinkPHP/Library/Think/Upload.class.php 第 170 行.
SQL: SHOW COLUMNS FROM `receipt` [ RunTime:0.0009s ]
SQL: INSERT INTO `receipt` (`transactionid`,`localurl`) VALUES ('6JEyrengDXnK908yELXd-201810132249','http://localhost:8888/Uploads/receipts/i20.jpeg') [ RunTime:0.0086s ]
NOTIC: [2] file_get_contents(./Applications/MAMP/htdocs/liunx/Uploads/receipts/5bc21bbc05ec8.jpeg): failed to open stream: No such file or directory /Applications/MAMP/htdocs/liunx/Application/Home/Controller/df.php 第 43 行.
SQL: SELECT * FROM `receipt` WHERE `attachmentid` = 14 LIMIT 1   [ RunTime:0.0005s ]

[ 2018-10-14T04:10:41+08:00 ] ::1 /home/Attachment/attachFile/transactionid/6JEyrengDXnK908yELXd-201810132249
INFO: [ app_init ] --START--
INFO: Run Behavior\BuildLiteBehavior [ RunTime:0.000049s ]
INFO: [ app_init ] --END-- [ RunTime:0.001060s ]
INFO: [ app_begin ] --START--
INFO: Run Behavior\ReadHtmlCacheBehavior [ RunTime:0.001096s ]
INFO: [ app_begin ] --END-- [ RunTime:0.001271s ]
SQL: SHOW COLUMNS FROM `transcation` [ RunTime:0.0067s ]
SQL: SELECT * FROM `transcation` WHERE `id` = '6JEyrengDXnK908yELXd-201810132249' LIMIT 1   [ RunTime:0.0012s ]
NOTIC: [2] call_user_func() expects parameter 1 to be a valid callback, no array or string given /Applications/MAMP/htdocs/liunx/ThinkPHP/Library/Think/Upload.class.php 第 170 行.
SQL: SHOW COLUMNS FROM `receipt` [ RunTime:0.0016s ]
SQL: INSERT INTO `receipt` (`transactionid`,`localurl`) VALUES ('6JEyrengDXnK908yELXd-201810132249','http://localhost:8888/Uploads/receipts/i20.jpeg') [ RunTime:0.0046s ]
NOTIC: [2] file_get_contents(./Applications/MAMP/htdocs/liunx/Uploads/receipts/5bc21bbc05ec8.jpeg): failed to open stream: No such file or directory /Applications/MAMP/htdocs/liunx/Application/Home/Controller/df.php 第 42 行.
SQL: SELECT * FROM `receipt` WHERE `attachmentid` = 15 LIMIT 1   [ RunTime:0.0007s ]

[ 2018-10-14T04:16:52+08:00 ] ::1 /home/Attachment/attachFile/transactionid/6JEyrengDXnK908yELXd-201810132249
INFO: [ app_init ] --START--
INFO: Run Behavior\BuildLiteBehavior [ RunTime:0.000065s ]
INFO: [ app_init ] --END-- [ RunTime:0.001148s ]
INFO: [ app_begin ] --START--
INFO: Run Behavior\ReadHtmlCacheBehavior [ RunTime:0.000991s ]
INFO: [ app_begin ] --END-- [ RunTime:0.001157s ]
SQL: SHOW COLUMNS FROM `transcation` [ RunTime:0.0018s ]
SQL: SELECT * FROM `transcation` WHERE `id` = '6JEyrengDXnK908yELXd-201810132249' LIMIT 1   [ RunTime:0.0024s ]
NOTIC: [8] Undefined index: attachfile /Applications/MAMP/htdocs/liunx/Application/Home/Controller/AttachmentController.class.php 第 35 行.
NOTIC: [8] Undefined index: tmp_name /Applications/MAMP/htdocs/liunx/ThinkPHP/Library/Think/Upload.class.php 第 152 行.
NOTIC: [2] finfo_file(): Empty filename or path /Applications/MAMP/htdocs/liunx/ThinkPHP/Library/Think/Upload.class.php 第 152 行.
NOTIC: [8] Undefined index: error /Applications/MAMP/htdocs/liunx/ThinkPHP/Library/Think/Upload.class.php 第 269 行.
NOTIC: [8] Undefined index: tmp_name /Applications/MAMP/htdocs/liunx/ThinkPHP/Library/Think/Upload.class.php 第 280 行.

[ 2018-10-14T04:17:22+08:00 ] ::1 /home/Attachment/attachFile/transactionid/6JEyrengDXnK908yELXd-201810132249
INFO: [ app_init ] --START--
INFO: Run Behavior\BuildLiteBehavior [ RunTime:0.000079s ]
INFO: [ app_init ] --END-- [ RunTime:0.001688s ]
INFO: [ app_begin ] --START--
INFO: Run Behavior\ReadHtmlCacheBehavior [ RunTime:0.001115s ]
INFO: [ app_begin ] --END-- [ RunTime:0.001278s ]
SQL: SHOW COLUMNS FROM `transcation` [ RunTime:0.0048s ]
SQL: SELECT * FROM `transcation` WHERE `id` = '6JEyrengDXnK908yELXd-201810132249' LIMIT 1   [ RunTime:0.0006s ]
NOTIC: [2] call_user_func() expects parameter 1 to be a valid callback, no array or string given /Applications/MAMP/htdocs/liunx/ThinkPHP/Library/Think/Upload.class.php 第 170 行.
SQL: SHOW COLUMNS FROM `receipt` [ RunTime:0.0012s ]
SQL: INSERT INTO `receipt` (`transactionid`,`localurl`) VALUES ('6JEyrengDXnK908yELXd-201810132249','http://localhost:8888/Uploads/receipts/i20.jpeg') [ RunTime:0.0025s ]
NOTIC: [2] file_get_contents(./Applications/MAMP/htdocs/liunx/Uploads/receipts/5bc21bbc05ec8.jpeg): failed to open stream: No such file or directory /Applications/MAMP/htdocs/liunx/Application/Home/Controller/df.php 第 42 行.
SQL: SELECT * FROM `receipt` WHERE `attachmentid` = 16 LIMIT 1   [ RunTime:0.0008s ]
NOTIC: [2] Cannot modify header information - headers already sent by (output started at /Applications/MAMP/htdocs/liunx/Application/Home/Controller/df.php:56) /Applications/MAMP/htdocs/liunx/ThinkPHP/Library/Think/Controller.class.php 第 215 行.

[ 2018-10-14T04:20:17+08:00 ] ::1 /home/Attachment/attachFile/transactionid/6JEyrengDXnK908yELXd-201810132249
INFO: [ app_init ] --START--
INFO: Run Behavior\BuildLiteBehavior [ RunTime:0.000062s ]
INFO: [ app_init ] --END-- [ RunTime:0.001423s ]
INFO: [ app_begin ] --START--
INFO: Run Behavior\ReadHtmlCacheBehavior [ RunTime:0.001590s ]
INFO: [ app_begin ] --END-- [ RunTime:0.001853s ]
SQL: SHOW COLUMNS FROM `transcation` [ RunTime:0.0087s ]
SQL: SELECT * FROM `transcation` WHERE `id` = '6JEyrengDXnK908yELXd-201810132249' LIMIT 1   [ RunTime:0.0667s ]
NOTIC: [2] call_user_func() expects parameter 1 to be a valid callback, no array or string given /Applications/MAMP/htdocs/liunx/ThinkPHP/Library/Think/Upload.class.php 第 170 行.
SQL: SHOW COLUMNS FROM `receipt` [ RunTime:0.0035s ]
SQL: INSERT INTO `receipt` (`transactionid`,`localurl`) VALUES ('6JEyrengDXnK908yELXd-201810132249','http://localhost:8888/Uploads/receipts/i20.jpeg') [ RunTime:0.0075s ]
NOTIC: [2] file_get_contents(./Applications/MAMP/htdocs/liunx/Uploads/receipts/5bc21bbc05ec8.jpeg): failed to open stream: No such file or directory /Applications/MAMP/htdocs/liunx/Application/Home/Controller/df.php 第 42 行.
SQL: SELECT * FROM `receipt` WHERE `attachmentid` = 17 LIMIT 1   [ RunTime:0.0007s ]
NOTIC: [2] Cannot modify header information - headers already sent by (output started at /Applications/MAMP/htdocs/liunx/Application/Home/Controller/df.php:56) /Applications/MAMP/htdocs/liunx/ThinkPHP/Library/Think/Controller.class.php 第 215 行.

[ 2018-10-14T04:23:14+08:00 ] ::1 /home/Attachment/attachFile/transactionid/6JEyrengDXnK908yELXd-201810132249
INFO: [ app_init ] --START--
INFO: Run Behavior\BuildLiteBehavior [ RunTime:0.000069s ]
INFO: [ app_init ] --END-- [ RunTime:0.005947s ]
INFO: [ app_begin ] --START--
INFO: Run Behavior\ReadHtmlCacheBehavior [ RunTime:0.006832s ]
INFO: [ app_begin ] --END-- [ RunTime:0.007112s ]
SQL: SHOW COLUMNS FROM `transcation` [ RunTime:0.0037s ]
SQL: SELECT * FROM `transcation` WHERE `id` = '6JEyrengDXnK908yELXd-201810132249' LIMIT 1   [ RunTime:0.0024s ]
NOTIC: [2] call_user_func() expects parameter 1 to be a valid callback, no array or string given /Applications/MAMP/htdocs/liunx/ThinkPHP/Library/Think/Upload.class.php 第 170 行.
SQL: SHOW COLUMNS FROM `receipt` [ RunTime:0.0034s ]
SQL: INSERT INTO `receipt` (`transactionid`,`localurl`) VALUES ('6JEyrengDXnK908yELXd-201810132249','http://localhost:8888/Uploads/receipts/i20.jpeg') [ RunTime:0.0035s ]
NOTIC: [2] file_get_contents(https://example.com/test.png): failed to open stream: HTTP request failed! HTTP/1.0 404 Not Found
 /Applications/MAMP/htdocs/liunx/Application/Home/Controller/df.php 第 42 行.
SQL: SELECT * FROM `receipt` WHERE `attachmentid` = 18 LIMIT 1   [ RunTime:0.0007s ]
NOTIC: [2] Cannot modify header information - headers already sent by (output started at /Applications/MAMP/htdocs/liunx/Application/Home/Controller/df.php:56) /Applications/MAMP/htdocs/liunx/ThinkPHP/Library/Think/Controller.class.php 第 215 行.

[ 2018-10-14T04:25:16+08:00 ] ::1 /home/Attachment/attachFile/transactionid/6JEyrengDXnK908yELXd-201810132249
INFO: [ app_init ] --START--
INFO: Run Behavior\BuildLiteBehavior [ RunTime:0.000069s ]
INFO: [ app_init ] --END-- [ RunTime:0.001464s ]
INFO: [ app_begin ] --START--
INFO: Run Behavior\ReadHtmlCacheBehavior [ RunTime:0.001609s ]
INFO: [ app_begin ] --END-- [ RunTime:0.001848s ]
SQL: SHOW COLUMNS FROM `transcation` [ RunTime:0.0037s ]
SQL: SELECT * FROM `transcation` WHERE `id` = '6JEyrengDXnK908yELXd-201810132249' LIMIT 1   [ RunTime:0.0008s ]
NOTIC: [2] call_user_func() expects parameter 1 to be a valid callback, no array or string given /Applications/MAMP/htdocs/liunx/ThinkPHP/Library/Think/Upload.class.php 第 170 行.
SQL: SHOW COLUMNS FROM `receipt` [ RunTime:0.0028s ]
SQL: INSERT INTO `receipt` (`transactionid`,`localurl`) VALUES ('6JEyrengDXnK908yELXd-201810132249','http://localhost:8888/Uploads/receipts/i20.jpeg') [ RunTime:0.0092s ]
NOTIC: [2] file_get_contents(https://example.com/test.png): failed to open stream: HTTP request failed! HTTP/1.0 404 Not Found
 /Applications/MAMP/htdocs/liunx/Application/Home/Controller/df.php 第 42 行.
SQL: SELECT * FROM `receipt` WHERE `attachmentid` = 19 LIMIT 1   [ RunTime:0.0006s ]
NOTIC: [2] Cannot modify header information - headers already sent by (output started at /Applications/MAMP/htdocs/liunx/Application/Home/Controller/df.php:60) /Applications/MAMP/htdocs/liunx/ThinkPHP/Library/Think/Controller.class.php 第 215 行.

[ 2018-10-14T04:25:34+08:00 ] ::1 /home/Attachment/attachFile/transactionid/6JEyrengDXnK908yELXd-201810132249
INFO: [ app_init ] --START--
INFO: Run Behavior\BuildLiteBehavior [ RunTime:0.000089s ]
INFO: [ app_init ] --END-- [ RunTime:0.001857s ]
INFO: [ app_begin ] --START--
INFO: Run Behavior\ReadHtmlCacheBehavior [ RunTime:0.001902s ]
INFO: [ app_begin ] --END-- [ RunTime:0.002110s ]
SQL: SHOW COLUMNS FROM `transcation` [ RunTime:0.0008s ]
SQL: SELECT * FROM `transcation` WHERE `id` = '6JEyrengDXnK908yELXd-201810132249' LIMIT 1   [ RunTime:0.0005s ]
NOTIC: [2] call_user_func() expects parameter 1 to be a valid callback, no array or string given /Applications/MAMP/htdocs/liunx/ThinkPHP/Library/Think/Upload.class.php 第 170 行.
SQL: SHOW COLUMNS FROM `receipt` [ RunTime:0.0007s ]
SQL: INSERT INTO `receipt` (`transactionid`,`localurl`) VALUES ('6JEyrengDXnK908yELXd-201810132249','http://localhost:8888/Uploads/receipts/i20.jpeg') [ RunTime:0.0026s ]
NOTIC: [2] file_get_contents(https://example.com/test.png): failed to open stream: HTTP request failed! HTTP/1.0 404 Not Found
 /Applications/MAMP/htdocs/liunx/Application/Home/Controller/df.php 第 42 行.
SQL: SELECT * FROM `receipt` WHERE `attachmentid` = 20 LIMIT 1   [ RunTime:0.0004s ]
NOTIC: [2] Cannot modify header information - headers already sent by (output started at /Applications/MAMP/htdocs/liunx/Application/Home/Controller/df.php:60) /Applications/MAMP/htdocs/liunx/ThinkPHP/Library/Think/Controller.class.php 第 215 行.

[ 2018-10-14T04:27:47+08:00 ] ::1 /home/Attachment/attachFile/transactionid/6JEyrengDXnK908yELXd-201810132249
INFO: [ app_init ] --START--
INFO: Run Behavior\BuildLiteBehavior [ RunTime:0.000076s ]
INFO: [ app_init ] --END-- [ RunTime:0.001416s ]
INFO: [ app_begin ] --START--
INFO: Run Behavior\ReadHtmlCacheBehavior [ RunTime:0.001822s ]
INFO: [ app_begin ] --END-- [ RunTime:0.002095s ]
SQL: SHOW COLUMNS FROM `transcation` [ RunTime:0.0071s ]
SQL: SELECT * FROM `transcation` WHERE `id` = '6JEyrengDXnK908yELXd-201810132249' LIMIT 1   [ RunTime:0.0009s ]
NOTIC: [2] call_user_func() expects parameter 1 to be a valid callback, no array or string given /Applications/MAMP/htdocs/liunx/ThinkPHP/Library/Think/Upload.class.php 第 170 行.
SQL: SHOW COLUMNS FROM `receipt` [ RunTime:0.0013s ]
SQL: INSERT INTO `receipt` (`transactionid`,`localurl`) VALUES ('6JEyrengDXnK908yELXd-201810132249','http://localhost:8888/Uploads/receipts/i20.jpeg') [ RunTime:0.0068s ]
SQL: SELECT * FROM `receipt` WHERE `attachmentid` = 21 LIMIT 1   [ RunTime:0.0006s ]
NOTIC: [2] Cannot modify header information - headers already sent by (output started at /Applications/MAMP/htdocs/liunx/Application/Home/Controller/df.php:60) /Applications/MAMP/htdocs/liunx/ThinkPHP/Library/Think/Controller.class.php 第 215 行.

[ 2018-10-14T04:29:27+08:00 ] ::1 /home/Attachment/attachFile/transactionid/6JEyrengDXnK908yELXd-201810132249
INFO: [ app_init ] --START--
INFO: Run Behavior\BuildLiteBehavior [ RunTime:0.000054s ]
INFO: [ app_init ] --END-- [ RunTime:0.001305s ]
INFO: [ app_begin ] --START--
INFO: Run Behavior\ReadHtmlCacheBehavior [ RunTime:0.001377s ]
INFO: [ app_begin ] --END-- [ RunTime:0.001602s ]
SQL: SHOW COLUMNS FROM `transcation` [ RunTime:0.0026s ]
SQL: SELECT * FROM `transcation` WHERE `id` = '6JEyrengDXnK908yELXd-201810132249' LIMIT 1   [ RunTime:0.0005s ]
NOTIC: [2] call_user_func() expects parameter 1 to be a valid callback, no array or string given /Applications/MAMP/htdocs/liunx/ThinkPHP/Library/Think/Upload.class.php 第 170 行.
SQL: SHOW COLUMNS FROM `receipt` [ RunTime:0.0025s ]
SQL: INSERT INTO `receipt` (`transactionid`,`localurl`) VALUES ('6JEyrengDXnK908yELXd-201810132249','http://localhost:8888/Uploads/receipts/i20.jpeg') [ RunTime:0.0066s ]
SQL: SELECT * FROM `receipt` WHERE `attachmentid` = 22 LIMIT 1   [ RunTime:0.0008s ]

[ 2018-10-14T04:42:25+08:00 ] ::1 /home/Attachment/attachFile/transactionid/6JEyrengDXnK908yELXd-201810132249
INFO: [ app_init ] --START--
INFO: Run Behavior\BuildLiteBehavior [ RunTime:0.000069s ]
INFO: [ app_init ] --END-- [ RunTime:0.001731s ]
INFO: [ app_begin ] --START--
INFO: Run Behavior\ReadHtmlCacheBehavior [ RunTime:0.001426s ]
INFO: [ app_begin ] --END-- [ RunTime:0.001653s ]
SQL: SHOW COLUMNS FROM `transcation` [ RunTime:0.0047s ]
SQL: SELECT * FROM `transcation` WHERE `id` = '6JEyrengDXnK908yELXd-201810132249' LIMIT 1   [ RunTime:0.0024s ]
NOTIC: [2] call_user_func() expects parameter 1 to be a valid callback, no array or string given /Applications/MAMP/htdocs/liunx/ThinkPHP/Library/Think/Upload.class.php 第 170 行.
SQL: SHOW COLUMNS FROM `receipt` [ RunTime:0.0046s ]
SQL: INSERT INTO `receipt` (`transactionid`,`localurl`) VALUES ('6JEyrengDXnK908yELXd-201810132249','http://localhost:8888/Uploads/receipts/5b8915da89c8a11c008b5ba7-960-720.jpg') [ RunTime:0.0073s ]
SQL: SELECT * FROM `receipt` WHERE `attachmentid` = 23 LIMIT 1   [ RunTime:0.0007s ]

[ 2018-10-14T04:48:44+08:00 ] ::1 /home/Attachment/attachFile/transactionid/6JEyrengDXnK908yELXd-201810132249
INFO: [ app_init ] --START--
INFO: Run Behavior\BuildLiteBehavior [ RunTime:0.000054s ]
INFO: [ app_init ] --END-- [ RunTime:0.001464s ]
INFO: [ app_begin ] --START--
INFO: Run Behavior\ReadHtmlCacheBehavior [ RunTime:0.001559s ]
INFO: [ app_begin ] --END-- [ RunTime:0.001829s ]
SQL: SHOW COLUMNS FROM `transcation` [ RunTime:0.0054s ]
SQL: SELECT * FROM `transcation` WHERE `id` = '6JEyrengDXnK908yELXd-201810132249' LIMIT 1   [ RunTime:0.0011s ]
NOTIC: [2] call_user_func() expects parameter 1 to be a valid callback, no array or string given /Applications/MAMP/htdocs/liunx/ThinkPHP/Library/Think/Upload.class.php 第 170 行.
SQL: SHOW COLUMNS FROM `receipt` [ RunTime:0.0029s ]
SQL: INSERT INTO `receipt` (`transactionid`,`localurl`) VALUES ('6JEyrengDXnK908yELXd-201810132249','http://localhost:8888/Uploads/receipts/5b8915da89c8a11c008b5ba7-960-720.jpg') [ RunTime:0.0069s ]
SQL: SELECT * FROM `receipt` WHERE `attachmentid` = 24 LIMIT 1   [ RunTime:0.0007s ]

[ 2018-10-14T04:55:00+08:00 ] ::1 /home/Attachment/attachFile/transactionid/6JEyrengDXnK908yELXd-201810132249
INFO: [ app_init ] --START--
INFO: Run Behavior\BuildLiteBehavior [ RunTime:0.000085s ]
INFO: [ app_init ] --END-- [ RunTime:0.001831s ]
INFO: [ app_begin ] --START--
INFO: Run Behavior\ReadHtmlCacheBehavior [ RunTime:0.002026s ]
INFO: [ app_begin ] --END-- [ RunTime:0.002342s ]
SQL: SHOW COLUMNS FROM `transcation` [ RunTime:0.0038s ]
SQL: SELECT * FROM `transcation` WHERE `id` = '6JEyrengDXnK908yELXd-201810132249' LIMIT 1   [ RunTime:0.0027s ]

[ 2018-10-14T04:56:07+08:00 ] ::1 /home/Attachment/attachFile/transactionid/6JEyrengDXnK908yELXd-201810132249
INFO: [ app_init ] --START--
INFO: Run Behavior\BuildLiteBehavior [ RunTime:0.000053s ]
INFO: [ app_init ] --END-- [ RunTime:0.001329s ]
INFO: [ app_begin ] --START--
INFO: Run Behavior\ReadHtmlCacheBehavior [ RunTime:0.001509s ]
INFO: [ app_begin ] --END-- [ RunTime:0.001739s ]
SQL: SHOW COLUMNS FROM `transcation` [ RunTime:0.0054s ]
SQL: SELECT * FROM `transcation` WHERE `id` = '6JEyrengDXnK908yELXd-201810132249' LIMIT 1   [ RunTime:0.0008s ]

[ 2018-10-14T04:57:13+08:00 ] ::1 /home/Attachment/attachFile/transactionid/6JEyrengDXnK908yELXd-201810132249
INFO: [ app_init ] --START--
INFO: Run Behavior\BuildLiteBehavior [ RunTime:0.000056s ]
INFO: [ app_init ] --END-- [ RunTime:0.001629s ]
INFO: [ app_begin ] --START--
INFO: Run Behavior\ReadHtmlCacheBehavior [ RunTime:0.001638s ]
INFO: [ app_begin ] --END-- [ RunTime:0.001904s ]
SQL: SHOW COLUMNS FROM `transcation` [ RunTime:0.0042s ]
SQL: SELECT * FROM `transcation` WHERE `id` = '6JEyrengDXnK908yELXd-201810132249' LIMIT 1   [ RunTime:0.0012s ]

[ 2018-10-14T04:57:40+08:00 ] ::1 /home/Attachment/attachFile/transactionid/6JEyrengDXnK908yELXd-201810132249
INFO: [ app_init ] --START--
INFO: Run Behavior\BuildLiteBehavior [ RunTime:0.000097s ]
INFO: [ app_init ] --END-- [ RunTime:0.002179s ]
INFO: [ app_begin ] --START--
INFO: Run Behavior\ReadHtmlCacheBehavior [ RunTime:0.001668s ]
INFO: [ app_begin ] --END-- [ RunTime:0.001962s ]
SQL: SHOW COLUMNS FROM `transcation` [ RunTime:0.0025s ]
SQL: SELECT * FROM `transcation` WHERE `id` = '6JEyrengDXnK908yELXd-201810132249' LIMIT 1   [ RunTime:0.0009s ]
NOTIC: [2] call_user_func() expects parameter 1 to be a valid callback, no array or string given /Applications/MAMP/htdocs/liunx/ThinkPHP/Library/Think/Upload.class.php 第 170 行.
SQL: SHOW COLUMNS FROM `receipt` [ RunTime:0.0039s ]
SQL: INSERT INTO `receipt` (`transactionid`,`localurl`) VALUES ('6JEyrengDXnK908yELXd-201810132249','http://localhost:8888/Uploads/receipts/5bc25c43a72a5.jpg') [ RunTime:0.0082s ]
SQL: SELECT * FROM `receipt` WHERE `attachmentid` = 25 LIMIT 1   [ RunTime:0.0007s ]
NOTIC: [2] Cannot modify header information - headers already sent by (output started at /Applications/MAMP/htdocs/liunx/Application/Home/Common/function.php:46) /Applications/MAMP/htdocs/liunx/ThinkPHP/Library/Think/Controller.class.php 第 215 行.

[ 2018-10-14T04:58:51+08:00 ] ::1 /home/Attachment/attachFile/transactionid/6JEyrengDXnK908yELXd-201810132249
INFO: [ app_init ] --START--
INFO: Run Behavior\BuildLiteBehavior [ RunTime:0.000049s ]
INFO: [ app_init ] --END-- [ RunTime:0.001459s ]
INFO: [ app_begin ] --START--
INFO: Run Behavior\ReadHtmlCacheBehavior [ RunTime:0.001601s ]
INFO: [ app_begin ] --END-- [ RunTime:0.001868s ]
SQL: SHOW COLUMNS FROM `transcation` [ RunTime:0.0011s ]
SQL: SELECT * FROM `transcation` WHERE `id` = '6JEyrengDXnK908yELXd-201810132249' LIMIT 1   [ RunTime:0.0006s ]
NOTIC: [2] call_user_func() expects parameter 1 to be a valid callback, no array or string given /Applications/MAMP/htdocs/liunx/ThinkPHP/Library/Think/Upload.class.php 第 170 行.
SQL: SHOW COLUMNS FROM `receipt` [ RunTime:0.0010s ]
SQL: INSERT INTO `receipt` (`transactionid`,`localurl`) VALUES ('6JEyrengDXnK908yELXd-201810132249','http://localhost:8888/Uploads/receipts/5bc25c8adbedb.jpg') [ RunTime:0.0054s ]
SQL: SELECT * FROM `receipt` WHERE `attachmentid` = 26 LIMIT 1   [ RunTime:0.0007s ]

[ 2018-10-14T05:02:17+08:00 ] ::1 /home/Attachment/attachFile/transactionid/6JEyrengDXnK908yELXd-201810132249
INFO: [ app_init ] --START--
INFO: Run Behavior\BuildLiteBehavior [ RunTime:0.000051s ]
INFO: [ app_init ] --END-- [ RunTime:0.001186s ]
INFO: [ app_begin ] --START--
INFO: Run Behavior\ReadHtmlCacheBehavior [ RunTime:0.001292s ]
INFO: [ app_begin ] --END-- [ RunTime:0.001525s ]
SQL: SHOW COLUMNS FROM `transcation` [ RunTime:0.0035s ]
SQL: SELECT * FROM `transcation` WHERE `id` = '6JEyrengDXnK908yELXd-201810132249' LIMIT 1   [ RunTime:0.0010s ]
NOTIC: [2] call_user_func() expects parameter 1 to be a valid callback, no array or string given /Applications/MAMP/htdocs/liunx/ThinkPHP/Library/Think/Upload.class.php 第 170 行.
SQL: SHOW COLUMNS FROM `receipt` [ RunTime:0.0011s ]
SQL: INSERT INTO `receipt` (`s3url`,`transactionid`,`localurl`) VALUES ('https://csye6225web.s3.amazonaws.com/5bc25d590f064.jpg','6JEyrengDXnK908yELXd-201810132249','http://localhost:8888/Uploads/receipts/5bc25d590f064.jpg') [ RunTime:0.0072s ]
SQL: SELECT * FROM `receipt` WHERE `attachmentid` = 27 LIMIT 1   [ RunTime:0.0006s ]

[ 2018-10-14T05:02:39+08:00 ] ::1 /home/Attachment/attachFile/transactionid/6JEyrengDXnK908yELXd-201810132249
INFO: [ app_init ] --START--
INFO: Run Behavior\BuildLiteBehavior [ RunTime:0.000202s ]
INFO: [ app_init ] --END-- [ RunTime:0.001737s ]
INFO: [ app_begin ] --START--
INFO: Run Behavior\ReadHtmlCacheBehavior [ RunTime:0.001403s ]
INFO: [ app_begin ] --END-- [ RunTime:0.001619s ]
SQL: SHOW COLUMNS FROM `transcation` [ RunTime:0.0029s ]
SQL: SELECT * FROM `transcation` WHERE `id` = '6JEyrengDXnK908yELXd-201810132249' LIMIT 1   [ RunTime:0.0007s ]
NOTIC: [2] call_user_func() expects parameter 1 to be a valid callback, no array or string given /Applications/MAMP/htdocs/liunx/ThinkPHP/Library/Think/Upload.class.php 第 170 行.
SQL: SHOW COLUMNS FROM `receipt` [ RunTime:0.0024s ]
SQL: INSERT INTO `receipt` (`s3url`,`transactionid`,`localurl`) VALUES ('https://csye6225web.s3.amazonaws.com/5bc25d6eac7a5.jpg','6JEyrengDXnK908yELXd-201810132249','http://localhost:8888/Uploads/receipts/5bc25d6eac7a5.jpg') [ RunTime:0.0025s ]
SQL: SELECT * FROM `receipt` WHERE `attachmentid` = 28 LIMIT 1   [ RunTime:0.0005s ]

[ 2018-10-14T05:06:37+08:00 ] ::1 /home/Attachment/listAttachement/transactionid/6JEyrengDXnK908yELXd-201810132249
INFO: [ app_init ] --START--
INFO: Run Behavior\BuildLiteBehavior [ RunTime:0.000050s ]
INFO: [ app_init ] --END-- [ RunTime:0.001191s ]
INFO: [ app_begin ] --START--
INFO: Run Behavior\ReadHtmlCacheBehavior [ RunTime:0.001235s ]
INFO: [ app_begin ] --END-- [ RunTime:0.001457s ]

[ 2018-10-14T05:06:41+08:00 ] ::1 /home/Attachment/listAttachement/transactionid/6JEyrengDXnK908yELXd-201810132249
INFO: [ app_init ] --START--
INFO: Run Behavior\BuildLiteBehavior [ RunTime:0.000031s ]
INFO: [ app_init ] --END-- [ RunTime:0.000508s ]
INFO: [ app_begin ] --START--
INFO: Run Behavior\ReadHtmlCacheBehavior [ RunTime:0.000654s ]
INFO: [ app_begin ] --END-- [ RunTime:0.000798s ]
SQL: SHOW COLUMNS FROM `transcation` [ RunTime:0.0041s ]
SQL: SELECT * FROM `transcation` WHERE `id` = '6JEyrengDXnK908yELXd-201810132249' LIMIT 1   [ RunTime:0.0025s ]
SQL: SHOW COLUMNS FROM `receipt` [ RunTime:0.0034s ]
SQL: SELECT * FROM `receipt` WHERE `transactionid` = '6JEyrengDXnK908yELXd-201810132249'  [ RunTime:0.0031s ]

[ 2018-10-14T05:40:04+08:00 ] ::1 /home/Attachment/updateAttachment/transactionid/6JEyrengDXnK908yELXd-201810132249
INFO: [ app_init ] --START--
INFO: Run Behavior\BuildLiteBehavior [ RunTime:0.000824s ]
INFO: [ app_init ] --END-- [ RunTime:0.004959s ]
INFO: [ app_begin ] --START--
INFO: Run Behavior\ReadHtmlCacheBehavior [ RunTime:0.003231s ]
INFO: [ app_begin ] --END-- [ RunTime:0.003592s ]
SQL: SHOW COLUMNS FROM `transcation` [ RunTime:0.0222s ]
SQL: SELECT * FROM `transcation` WHERE `id` = '6JEyrengDXnK908yELXd-201810132249' LIMIT 1   [ RunTime:0.0014s ]
NOTIC: [2] call_user_func() expects parameter 1 to be a valid callback, no array or string given /Applications/MAMP/htdocs/liunx/ThinkPHP/Library/Think/Upload.class.php 第 170 行.
SQL: SHOW COLUMNS FROM `receipt` [ RunTime:0.0013s ]
SQL: UPDATE `receipt` SET `transactionid`='6JEyrengDXnK908yELXd-201810132249',`localurl`='http://localhost:8888/Uploads/receipts/5bc26634cc194.jpg' WHERE `attachmentid` = 26 [ RunTime:0.0224s ]
SQL: SELECT * FROM `receipt` WHERE `attachmentid` = 1 LIMIT 1   [ RunTime:0.0005s ]

[ 2018-10-14T05:41:16+08:00 ] ::1 /home/Attachment/attachFile/transactionid/6JEyrengDXnK908yELXd-201810132249
INFO: [ app_init ] --START--
INFO: Run Behavior\BuildLiteBehavior [ RunTime:0.000098s ]
INFO: [ app_init ] --END-- [ RunTime:0.001392s ]
INFO: [ app_begin ] --START--
INFO: Run Behavior\ReadHtmlCacheBehavior [ RunTime:0.001535s ]
INFO: [ app_begin ] --END-- [ RunTime:0.001754s ]
SQL: SHOW COLUMNS FROM `transcation` [ RunTime:0.0062s ]
SQL: SELECT * FROM `transcation` WHERE `id` = '6JEyrengDXnK908yELXd-201810132249' LIMIT 1   [ RunTime:0.0010s ]
NOTIC: [2] call_user_func() expects parameter 1 to be a valid callback, no array or string given /Applications/MAMP/htdocs/liunx/ThinkPHP/Library/Think/Upload.class.php 第 170 行.
SQL: SHOW COLUMNS FROM `receipt` [ RunTime:0.0024s ]
SQL: INSERT INTO `receipt` (`s3url`,`transactionid`,`localurl`) VALUES ('https://csye6225web.s3.amazonaws.com/5bc2667b72cc9.jpg','6JEyrengDXnK908yELXd-201810132249','Uploads/receipts/5bc2667b72cc9.jpg') [ RunTime:0.0130s ]
SQL: SELECT * FROM `receipt` WHERE `attachmentid` = 29 LIMIT 1   [ RunTime:0.0008s ]

[ 2018-10-14T05:41:29+08:00 ] ::1 /home/Attachment/attachFile/transactionid/6JEyrengDXnK908yELXd-201810132249
INFO: [ app_init ] --START--
INFO: Run Behavior\BuildLiteBehavior [ RunTime:0.000060s ]
INFO: [ app_init ] --END-- [ RunTime:0.000848s ]
INFO: [ app_begin ] --START--
INFO: Run Behavior\ReadHtmlCacheBehavior [ RunTime:0.000847s ]
INFO: [ app_begin ] --END-- [ RunTime:0.001075s ]
SQL: SHOW COLUMNS FROM `transcation` [ RunTime:0.0011s ]
SQL: SELECT * FROM `transcation` WHERE `id` = '6JEyrengDXnK908yELXd-201810132249' LIMIT 1   [ RunTime:0.0006s ]
NOTIC: [2] call_user_func() expects parameter 1 to be a valid callback, no array or string given /Applications/MAMP/htdocs/liunx/ThinkPHP/Library/Think/Upload.class.php 第 170 行.
SQL: SHOW COLUMNS FROM `receipt` [ RunTime:0.0011s ]
SQL: INSERT INTO `receipt` (`s3url`,`transactionid`,`localurl`) VALUES ('https://csye6225web.s3.amazonaws.com/5bc2668975059.jpg','6JEyrengDXnK908yELXd-201810132249','Uploads/receipts/5bc2668975059.jpg') [ RunTime:0.0012s ]
SQL: SELECT * FROM `receipt` WHERE `attachmentid` = 30 LIMIT 1   [ RunTime:0.0006s ]

[ 2018-10-14T05:43:21+08:00 ] ::1 /home/Attachment/updateAttachment/transactionid/6JEyrengDXnK908yELXd-201810132249
INFO: [ app_init ] --START--
INFO: Run Behavior\BuildLiteBehavior [ RunTime:0.000064s ]
INFO: [ app_init ] --END-- [ RunTime:0.001402s ]
INFO: [ app_begin ] --START--
INFO: Run Behavior\ReadHtmlCacheBehavior [ RunTime:0.001471s ]
INFO: [ app_begin ] --END-- [ RunTime:0.001683s ]
SQL: SHOW COLUMNS FROM `transcation` [ RunTime:0.0049s ]
SQL: SELECT * FROM `transcation` WHERE `id` = '6JEyrengDXnK908yELXd-201810132249' LIMIT 1   [ RunTime:0.0007s ]
SQL: SHOW COLUMNS FROM `receipt` [ RunTime:0.0009s ]
SQL: SELECT * FROM `receipt` WHERE `attachmentid` = 29 LIMIT 1   [ RunTime:0.0006s ]
INFO: [ app_end ] --START--
INFO: Run Behavior\ShowPageTraceBehavior [ RunTime:0.015014s ]
INFO: [ app_end ] --END-- [ RunTime:0.015326s ]

[ 2018-10-14T05:46:05+08:00 ] ::1 /home/Attachment/attachFile/transactionid/6JEyrengDXnK908yELXd-201810132249
INFO: [ app_init ] --START--
INFO: Run Behavior\BuildLiteBehavior [ RunTime:0.000088s ]
INFO: [ app_init ] --END-- [ RunTime:0.001383s ]
INFO: [ app_begin ] --START--
INFO: Run Behavior\ReadHtmlCacheBehavior [ RunTime:0.001608s ]
INFO: [ app_begin ] --END-- [ RunTime:0.001836s ]
SQL: SHOW COLUMNS FROM `transcation` [ RunTime:0.0036s ]
SQL: SELECT * FROM `transcation` WHERE `id` = '6JEyrengDXnK908yELXd-201810132249' LIMIT 1   [ RunTime:0.0008s ]
NOTIC: [2] call_user_func() expects parameter 1 to be a valid callback, no array or string given /Applications/MAMP/htdocs/liunx/ThinkPHP/Library/Think/Upload.class.php 第 170 行.
SQL: SHOW COLUMNS FROM `receipt` [ RunTime:0.0023s ]
SQL: INSERT INTO `receipt` (`s3url`,`transactionid`,`localurl`) VALUES ('https://csye6225web.s3.amazonaws.com/5bc2679c9f25b.jpg','6JEyrengDXnK908yELXd-201810132249','Uploads/receipts/5bc2679c9f25b.jpg') [ RunTime:0.0042s ]
SQL: SELECT * FROM `receipt` WHERE `attachmentid` = 31 LIMIT 1   [ RunTime:0.0005s ]

[ 2018-10-14T05:46:07+08:00 ] ::1 /home/Attachment/attachFile/transactionid/6JEyrengDXnK908yELXd-201810132249
INFO: [ app_init ] --START--
INFO: Run Behavior\BuildLiteBehavior [ RunTime:0.000033s ]
INFO: [ app_init ] --END-- [ RunTime:0.000526s ]
INFO: [ app_begin ] --START--
INFO: Run Behavior\ReadHtmlCacheBehavior [ RunTime:0.000624s ]
INFO: [ app_begin ] --END-- [ RunTime:0.000766s ]
SQL: SHOW COLUMNS FROM `transcation` [ RunTime:0.0006s ]
SQL: SELECT * FROM `transcation` WHERE `id` = '6JEyrengDXnK908yELXd-201810132249' LIMIT 1   [ RunTime:0.0017s ]
NOTIC: [2] call_user_func() expects parameter 1 to be a valid callback, no array or string given /Applications/MAMP/htdocs/liunx/ThinkPHP/Library/Think/Upload.class.php 第 170 行.
SQL: SHOW COLUMNS FROM `receipt` [ RunTime:0.0010s ]
SQL: INSERT INTO `receipt` (`s3url`,`transactionid`,`localurl`) VALUES ('https://csye6225web.s3.amazonaws.com/5bc2679f90ad8.jpg','6JEyrengDXnK908yELXd-201810132249','Uploads/receipts/5bc2679f90ad8.jpg') [ RunTime:0.0026s ]
SQL: SELECT * FROM `receipt` WHERE `attachmentid` = 32 LIMIT 1   [ RunTime:0.0005s ]

[ 2018-10-14T05:46:58+08:00 ] ::1 /home/Attachment/updateAttachment/transactionid/6JEyrengDXnK908yELXd-201810132249
INFO: [ app_init ] --START--
INFO: Run Behavior\BuildLiteBehavior [ RunTime:0.000067s ]
INFO: [ app_init ] --END-- [ RunTime:0.001189s ]
INFO: [ app_begin ] --START--
INFO: Run Behavior\ReadHtmlCacheBehavior [ RunTime:0.002259s ]
INFO: [ app_begin ] --END-- [ RunTime:0.002604s ]
SQL: SHOW COLUMNS FROM `transcation` [ RunTime:0.0176s ]
SQL: SELECT * FROM `transcation` WHERE `id` = '6JEyrengDXnK908yELXd-201810132249' LIMIT 1   [ RunTime:0.0010s ]
SQL: SHOW COLUMNS FROM `receipt` [ RunTime:0.0010s ]
SQL: SELECT * FROM `receipt` WHERE `attachmentid` = 31 LIMIT 1   [ RunTime:0.0007s ]
INFO: [ app_end ] --START--
INFO: Run Behavior\ShowPageTraceBehavior [ RunTime:0.002337s ]
INFO: [ app_end ] --END-- [ RunTime:0.002628s ]

[ 2018-10-14T05:48:24+08:00 ] ::1 /home/Attachment/updateAttachment/transactionid/6JEyrengDXnK908yELXd-201810132249
INFO: [ app_init ] --START--
INFO: Run Behavior\BuildLiteBehavior [ RunTime:0.000054s ]
INFO: [ app_init ] --END-- [ RunTime:0.001535s ]
INFO: [ app_begin ] --START--
INFO: Run Behavior\ReadHtmlCacheBehavior [ RunTime:0.001421s ]
INFO: [ app_begin ] --END-- [ RunTime:0.001647s ]
SQL: SHOW COLUMNS FROM `transcation` [ RunTime:0.0027s ]
SQL: SELECT * FROM `transcation` WHERE `id` = '6JEyrengDXnK908yELXd-201810132249' LIMIT 1   [ RunTime:0.0005s ]
SQL: SHOW COLUMNS FROM `receipt` [ RunTime:0.0006s ]
SQL: SELECT * FROM `receipt` WHERE `attachmentid` = 32 LIMIT 1   [ RunTime:0.0004s ]
INFO: [ app_end ] --START--
INFO: Run Behavior\ShowPageTraceBehavior [ RunTime:0.003728s ]
INFO: [ app_end ] --END-- [ RunTime:0.004019s ]

[ 2018-10-14T05:56:45+08:00 ] ::1 /home/Attachment/deleteAttachment/transactionid/6JEyrengDXnK908yELXd-201810132249
INFO: [ app_init ] --START--
INFO: Run Behavior\BuildLiteBehavior [ RunTime:0.000048s ]
INFO: [ app_init ] --END-- [ RunTime:0.001095s ]
INFO: [ app_begin ] --START--
INFO: Run Behavior\ReadHtmlCacheBehavior [ RunTime:0.001727s ]
INFO: [ app_begin ] --END-- [ RunTime:0.001993s ]
INFO: [ app_end ] --START--
INFO: Run Behavior\ShowPageTraceBehavior [ RunTime:0.002409s ]
INFO: [ app_end ] --END-- [ RunTime:0.002658s ]

[ 2018-10-14T05:57:10+08:00 ] ::1 /home/Attachment/deleteAttachment/transactionid/6JEyrengDXnK908yELXd-201810132249
INFO: [ app_init ] --START--
INFO: Run Behavior\BuildLiteBehavior [ RunTime:0.000051s ]
INFO: [ app_init ] --END-- [ RunTime:0.001087s ]
INFO: [ app_begin ] --START--
INFO: Run Behavior\ReadHtmlCacheBehavior [ RunTime:0.001339s ]
INFO: [ app_begin ] --END-- [ RunTime:0.001560s ]
INFO: [ app_end ] --START--
INFO: Run Behavior\ShowPageTraceBehavior [ RunTime:0.018543s ]
INFO: [ app_end ] --END-- [ RunTime:0.018871s ]

